{"/Users/malik/developer/cimet/training-management-system/server/app.js": {"path":"/Users/malik/developer/cimet/training-management-system/server/app.js","statementMap":{"0":{"start":{"line":5,"column":16},"end":{"line":5,"column":34}},"1":{"start":{"line":6,"column":13},"end":{"line":6,"column":28}},"2":{"start":{"line":7,"column":21},"end":{"line":7,"column":45}},"3":{"start":{"line":8,"column":19},"end":{"line":8,"column":48}},"4":{"start":{"line":9,"column":22},"end":{"line":9,"column":55}},"5":{"start":{"line":10,"column":20},"end":{"line":10,"column":52}},"6":{"start":{"line":11,"column":26},"end":{"line":11,"column":63}},"7":{"start":{"line":15,"column":12},"end":{"line":15,"column":21}},"8":{"start":{"line":18,"column":0},"end":{"line":24,"column":4}},"9":{"start":{"line":21,"column":4},"end":{"line":21,"column":27}},"10":{"start":{"line":25,"column":0},"end":{"line":25,"column":24}},"11":{"start":{"line":26,"column":0},"end":{"line":26,"column":24}},"12":{"start":{"line":29,"column":0},"end":{"line":29,"column":34}},"13":{"start":{"line":30,"column":0},"end":{"line":30,"column":40}},"14":{"start":{"line":31,"column":0},"end":{"line":31,"column":36}},"15":{"start":{"line":32,"column":0},"end":{"line":32,"column":42}},"16":{"start":{"line":35,"column":0},"end":{"line":35,"column":25}}},"fnMap":{"0":{"name":"(anonymous_0)","decl":{"start":{"line":19,"column":10},"end":{"line":19,"column":11}},"loc":{"start":{"line":19,"column":38},"end":{"line":22,"column":3}},"line":19}},"branchMap":{},"s":{"0":1,"1":1,"2":1,"3":1,"4":1,"5":1,"6":1,"7":1,"8":1,"9":61,"10":1,"11":1,"12":1,"13":1,"14":1,"15":1,"16":1},"f":{"0":61},"b":{},"_coverageSchema":"1a1c01bbd47fc00a2c39e90264f33305004495a9","hash":"cab6d12b58f81ba621bb409816d3dc09f48fd547"}
,"/Users/malik/developer/cimet/training-management-system/server/controller/categoryController.js": {"path":"/Users/malik/developer/cimet/training-management-system/server/controller/categoryController.js","statementMap":{"0":{"start":{"line":1,"column":17},"end":{"line":1,"column":50}},"1":{"start":{"line":4,"column":18},"end":{"line":11,"column":1}},"2":{"start":{"line":5,"column":2},"end":{"line":10,"column":3}},"3":{"start":{"line":6,"column":21},"end":{"line":6,"column":42}},"4":{"start":{"line":7,"column":6},"end":{"line":7,"column":37}},"5":{"start":{"line":9,"column":4},"end":{"line":9,"column":49}},"6":{"start":{"line":13,"column":18},"end":{"line":31,"column":1}},"7":{"start":{"line":14,"column":4},"end":{"line":30,"column":5}},"8":{"start":{"line":15,"column":25},"end":{"line":15,"column":33}},"9":{"start":{"line":17,"column":29},"end":{"line":17,"column":61}},"10":{"start":{"line":18,"column":4},"end":{"line":20,"column":5}},"11":{"start":{"line":19,"column":6},"end":{"line":19,"column":74}},"12":{"start":{"line":22,"column":24},"end":{"line":22,"column":46}},"13":{"start":{"line":23,"column":4},"end":{"line":23,"column":29}},"14":{"start":{"line":25,"column":4},"end":{"line":25,"column":38}},"15":{"start":{"line":27,"column":26},"end":{"line":27,"column":88}},"16":{"start":{"line":28,"column":8},"end":{"line":28,"column":55}},"17":{"start":{"line":32,"column":21},"end":{"line":44,"column":1}},"18":{"start":{"line":33,"column":2},"end":{"line":43,"column":3}},"19":{"start":{"line":35,"column":13},"end":{"line":35,"column":26}},"20":{"start":{"line":36,"column":26},"end":{"line":36,"column":62}},"21":{"start":{"line":37,"column":4},"end":{"line":39,"column":5}},"22":{"start":{"line":38,"column":6},"end":{"line":38,"column":69}},"23":{"start":{"line":40,"column":4},"end":{"line":40,"column":74}},"24":{"start":{"line":42,"column":4},"end":{"line":42,"column":47}},"25":{"start":{"line":46,"column":0},"end":{"line":53,"column":68}},"26":{"start":{"line":53,"column":85},"end":{"line":53,"column":40020}},"27":{"start":{"line":53,"column":89},"end":{"line":53,"column":40009}}},"fnMap":{"0":{"name":"(anonymous_0)","decl":{"start":{"line":4,"column":18},"end":{"line":4,"column":19}},"loc":{"start":{"line":4,"column":34},"end":{"line":11,"column":1}},"line":4},"1":{"name":"(anonymous_1)","decl":{"start":{"line":13,"column":18},"end":{"line":13,"column":19}},"loc":{"start":{"line":13,"column":34},"end":{"line":31,"column":1}},"line":13},"2":{"name":"(anonymous_2)","decl":{"start":{"line":32,"column":21},"end":{"line":32,"column":22}},"loc":{"start":{"line":32,"column":37},"end":{"line":44,"column":1}},"line":32},"3":{"name":"oo_cm","decl":{"start":{"line":53,"column":77},"end":{"line":53,"column":82}},"loc":{"start":{"line":53,"column":84},"end":{"line":53,"column":40021}},"line":53}},"branchMap":{"0":{"loc":{"start":{"line":18,"column":4},"end":{"line":20,"column":5}},"type":"if","locations":[{"start":{"line":18,"column":4},"end":{"line":20,"column":5}},{"start":{},"end":{}}],"line":18},"1":{"loc":{"start":{"line":37,"column":4},"end":{"line":39,"column":5}},"type":"if","locations":[{"start":{"line":37,"column":4},"end":{"line":39,"column":5}},{"start":{},"end":{}}],"line":37},"2":{"loc":{"start":{"line":53,"column":96},"end":{"line":53,"column":40008}},"type":"binary-expr","locations":[{"start":{"line":53,"column":96},"end":{"line":53,"column":133}},{"start":{"line":53,"column":137},"end":{"line":53,"column":40008}}],"line":53}},"s":{"0":1,"1":1,"2":2,"3":2,"4":1,"5":1,"6":1,"7":2,"8":2,"9":2,"10":2,"11":0,"12":2,"13":2,"14":1,"15":1,"16":1,"17":1,"18":3,"19":3,"20":3,"21":2,"22":1,"23":1,"24":1,"25":1,"26":1,"27":1},"f":{"0":2,"1":2,"2":3,"3":1},"b":{"0":[0,2],"1":[1,1],"2":[1,1]},"_coverageSchema":"1a1c01bbd47fc00a2c39e90264f33305004495a9","hash":"bf5fdae354a9d2f3f36f2482e18bde07a3266993"}
,"/Users/malik/developer/cimet/training-management-system/server/controller/courseController.js": {"path":"/Users/malik/developer/cimet/training-management-system/server/controller/courseController.js","statementMap":{"0":{"start":{"line":1,"column":15},"end":{"line":1,"column":46}},"1":{"start":{"line":2,"column":17},"end":{"line":2,"column":38}},"2":{"start":{"line":3,"column":13},"end":{"line":3,"column":30}},"3":{"start":{"line":6,"column":0},"end":{"line":10,"column":3}},"4":{"start":{"line":15,"column":18},"end":{"line":37,"column":1}},"5":{"start":{"line":16,"column":2},"end":{"line":36,"column":1}},"6":{"start":{"line":19,"column":35},"end":{"line":19,"column":44}},"7":{"start":{"line":21,"column":19},"end":{"line":21,"column":21}},"8":{"start":{"line":23,"column":4},"end":{"line":25,"column":5}},"9":{"start":{"line":24,"column":6},"end":{"line":24,"column":35}},"10":{"start":{"line":27,"column":4},"end":{"line":29,"column":5}},"11":{"start":{"line":28,"column":6},"end":{"line":28,"column":54}},"12":{"start":{"line":32,"column":20},"end":{"line":32,"column":107}},"13":{"start":{"line":33,"column":4},"end":{"line":33,"column":34}},"14":{"start":{"line":35,"column":4},"end":{"line":35,"column":49}},"15":{"start":{"line":39,"column":28},"end":{"line":52,"column":1}},"16":{"start":{"line":40,"column":2},"end":{"line":51,"column":3}},"17":{"start":{"line":41,"column":21},"end":{"line":41,"column":34}},"18":{"start":{"line":42,"column":19},"end":{"line":42,"column":112}},"19":{"start":{"line":44,"column":4},"end":{"line":46,"column":5}},"20":{"start":{"line":45,"column":6},"end":{"line":45,"column":67}},"21":{"start":{"line":48,"column":4},"end":{"line":48,"column":33}},"22":{"start":{"line":50,"column":4},"end":{"line":50,"column":49}},"23":{"start":{"line":54,"column":18},"end":{"line":87,"column":1}},"24":{"start":{"line":55,"column":2},"end":{"line":86,"column":3}},"25":{"start":{"line":56,"column":79},"end":{"line":56,"column":87}},"26":{"start":{"line":57,"column":24},"end":{"line":57,"column":88}},"27":{"start":{"line":59,"column":4},"end":{"line":61,"column":5}},"28":{"start":{"line":60,"column":6},"end":{"line":60,"column":82}},"29":{"start":{"line":62,"column":20},"end":{"line":62,"column":22}},"30":{"start":{"line":63,"column":4},"end":{"line":68,"column":5}},"31":{"start":{"line":64,"column":21},"end":{"line":66,"column":8}},"32":{"start":{"line":67,"column":6},"end":{"line":67,"column":36}},"33":{"start":{"line":69,"column":22},"end":{"line":78,"column":6}},"34":{"start":{"line":80,"column":4},"end":{"line":80,"column":27}},"35":{"start":{"line":82,"column":4},"end":{"line":82,"column":36}},"36":{"start":{"line":84,"column":24},"end":{"line":84,"column":104}},"37":{"start":{"line":85,"column":4},"end":{"line":85,"column":51}},"38":{"start":{"line":89,"column":19},"end":{"line":101,"column":1}},"39":{"start":{"line":90,"column":2},"end":{"line":100,"column":3}},"40":{"start":{"line":92,"column":13},"end":{"line":92,"column":26}},"41":{"start":{"line":93,"column":24},"end":{"line":93,"column":58}},"42":{"start":{"line":94,"column":4},"end":{"line":96,"column":5}},"43":{"start":{"line":95,"column":6},"end":{"line":95,"column":67}},"44":{"start":{"line":97,"column":4},"end":{"line":97,"column":72}},"45":{"start":{"line":99,"column":4},"end":{"line":99,"column":47}},"46":{"start":{"line":103,"column":0},"end":{"line":103,"column":75}},"47":{"start":{"line":110,"column":85},"end":{"line":110,"column":40020}},"48":{"start":{"line":110,"column":89},"end":{"line":110,"column":40009}}},"fnMap":{"0":{"name":"(anonymous_0)","decl":{"start":{"line":15,"column":18},"end":{"line":15,"column":19}},"loc":{"start":{"line":15,"column":38},"end":{"line":37,"column":1}},"line":15},"1":{"name":"(anonymous_1)","decl":{"start":{"line":39,"column":28},"end":{"line":39,"column":29}},"loc":{"start":{"line":39,"column":48},"end":{"line":52,"column":1}},"line":39},"2":{"name":"(anonymous_2)","decl":{"start":{"line":54,"column":18},"end":{"line":54,"column":19}},"loc":{"start":{"line":54,"column":38},"end":{"line":87,"column":1}},"line":54},"3":{"name":"(anonymous_3)","decl":{"start":{"line":89,"column":19},"end":{"line":89,"column":20}},"loc":{"start":{"line":89,"column":35},"end":{"line":101,"column":1}},"line":89},"4":{"name":"oo_cm","decl":{"start":{"line":110,"column":77},"end":{"line":110,"column":82}},"loc":{"start":{"line":110,"column":84},"end":{"line":110,"column":40021}},"line":110}},"branchMap":{"0":{"loc":{"start":{"line":23,"column":4},"end":{"line":25,"column":5}},"type":"if","locations":[{"start":{"line":23,"column":4},"end":{"line":25,"column":5}},{"start":{},"end":{}}],"line":23},"1":{"loc":{"start":{"line":27,"column":4},"end":{"line":29,"column":5}},"type":"if","locations":[{"start":{"line":27,"column":4},"end":{"line":29,"column":5}},{"start":{},"end":{}}],"line":27},"2":{"loc":{"start":{"line":44,"column":4},"end":{"line":46,"column":5}},"type":"if","locations":[{"start":{"line":44,"column":4},"end":{"line":46,"column":5}},{"start":{},"end":{}}],"line":44},"3":{"loc":{"start":{"line":59,"column":4},"end":{"line":61,"column":5}},"type":"if","locations":[{"start":{"line":59,"column":4},"end":{"line":61,"column":5}},{"start":{},"end":{}}],"line":59},"4":{"loc":{"start":{"line":59,"column":8},"end":{"line":59,"column":26}},"type":"binary-expr","locations":[{"start":{"line":59,"column":8},"end":{"line":59,"column":13}},{"start":{"line":59,"column":17},"end":{"line":59,"column":26}}],"line":59},"5":{"loc":{"start":{"line":63,"column":4},"end":{"line":68,"column":5}},"type":"if","locations":[{"start":{"line":63,"column":4},"end":{"line":68,"column":5}},{"start":{},"end":{}}],"line":63},"6":{"loc":{"start":{"line":94,"column":4},"end":{"line":96,"column":5}},"type":"if","locations":[{"start":{"line":94,"column":4},"end":{"line":96,"column":5}},{"start":{},"end":{}}],"line":94},"7":{"loc":{"start":{"line":110,"column":96},"end":{"line":110,"column":40008}},"type":"binary-expr","locations":[{"start":{"line":110,"column":96},"end":{"line":110,"column":133}},{"start":{"line":110,"column":137},"end":{"line":110,"column":40008}}],"line":110}},"s":{"0":1,"1":1,"2":1,"3":1,"4":1,"5":2,"6":2,"7":2,"8":2,"9":0,"10":2,"11":0,"12":2,"13":1,"14":1,"15":1,"16":3,"17":3,"18":3,"19":2,"20":1,"21":1,"22":1,"23":1,"24":2,"25":2,"26":2,"27":2,"28":0,"29":2,"30":2,"31":2,"32":2,"33":2,"34":2,"35":1,"36":1,"37":1,"38":1,"39":3,"40":3,"41":3,"42":2,"43":1,"44":1,"45":1,"46":1,"47":3,"48":3},"f":{"0":2,"1":3,"2":2,"3":3,"4":3},"b":{"0":[0,2],"1":[0,2],"2":[1,1],"3":[0,2],"4":[2,2],"5":[2,0],"6":[1,1],"7":[3,0]},"_coverageSchema":"1a1c01bbd47fc00a2c39e90264f33305004495a9","hash":"01cc7736340e0274760384d0cbe33add2d4bcf1f"}
,"/Users/malik/developer/cimet/training-management-system/server/controller/moduleController.js": {"path":"/Users/malik/developer/cimet/training-management-system/server/controller/moduleController.js","statementMap":{"0":{"start":{"line":2,"column":21},"end":{"line":2,"column":58}},"1":{"start":{"line":4,"column":16},"end":{"line":11,"column":1}},"2":{"start":{"line":5,"column":2},"end":{"line":10,"column":3}},"3":{"start":{"line":6,"column":19},"end":{"line":6,"column":65}},"4":{"start":{"line":7,"column":6},"end":{"line":7,"column":35}},"5":{"start":{"line":9,"column":4},"end":{"line":9,"column":49}},"6":{"start":{"line":13,"column":16},"end":{"line":30,"column":3}},"7":{"start":{"line":14,"column":4},"end":{"line":29,"column":5}},"8":{"start":{"line":15,"column":85},"end":{"line":15,"column":93}},"9":{"start":{"line":17,"column":27},"end":{"line":17,"column":63}},"10":{"start":{"line":18,"column":4},"end":{"line":20,"column":5}},"11":{"start":{"line":19,"column":6},"end":{"line":19,"column":72}},"12":{"start":{"line":21,"column":22},"end":{"line":21,"column":111}},"13":{"start":{"line":22,"column":4},"end":{"line":22,"column":27}},"14":{"start":{"line":24,"column":4},"end":{"line":24,"column":36}},"15":{"start":{"line":26,"column":26},"end":{"line":26,"column":88}},"16":{"start":{"line":27,"column":8},"end":{"line":27,"column":55}},"17":{"start":{"line":32,"column":29},"end":{"line":44,"column":5}},"18":{"start":{"line":33,"column":6},"end":{"line":43,"column":7}},"19":{"start":{"line":35,"column":17},"end":{"line":35,"column":30}},"20":{"start":{"line":36,"column":28},"end":{"line":36,"column":68}},"21":{"start":{"line":37,"column":8},"end":{"line":39,"column":9}},"22":{"start":{"line":38,"column":10},"end":{"line":38,"column":71}},"23":{"start":{"line":40,"column":8},"end":{"line":40,"column":76}},"24":{"start":{"line":42,"column":8},"end":{"line":42,"column":51}},"25":{"start":{"line":47,"column":0},"end":{"line":54,"column":68}},"26":{"start":{"line":54,"column":85},"end":{"line":54,"column":40020}},"27":{"start":{"line":54,"column":89},"end":{"line":54,"column":40009}}},"fnMap":{"0":{"name":"(anonymous_0)","decl":{"start":{"line":4,"column":16},"end":{"line":4,"column":17}},"loc":{"start":{"line":4,"column":32},"end":{"line":11,"column":1}},"line":4},"1":{"name":"(anonymous_1)","decl":{"start":{"line":13,"column":16},"end":{"line":13,"column":17}},"loc":{"start":{"line":13,"column":32},"end":{"line":30,"column":3}},"line":13},"2":{"name":"(anonymous_2)","decl":{"start":{"line":32,"column":29},"end":{"line":32,"column":30}},"loc":{"start":{"line":32,"column":45},"end":{"line":44,"column":5}},"line":32},"3":{"name":"oo_cm","decl":{"start":{"line":54,"column":77},"end":{"line":54,"column":82}},"loc":{"start":{"line":54,"column":84},"end":{"line":54,"column":40021}},"line":54}},"branchMap":{"0":{"loc":{"start":{"line":18,"column":4},"end":{"line":20,"column":5}},"type":"if","locations":[{"start":{"line":18,"column":4},"end":{"line":20,"column":5}},{"start":{},"end":{}}],"line":18},"1":{"loc":{"start":{"line":37,"column":8},"end":{"line":39,"column":9}},"type":"if","locations":[{"start":{"line":37,"column":8},"end":{"line":39,"column":9}},{"start":{},"end":{}}],"line":37},"2":{"loc":{"start":{"line":54,"column":96},"end":{"line":54,"column":40008}},"type":"binary-expr","locations":[{"start":{"line":54,"column":96},"end":{"line":54,"column":133}},{"start":{"line":54,"column":137},"end":{"line":54,"column":40008}}],"line":54}},"s":{"0":1,"1":1,"2":2,"3":2,"4":1,"5":1,"6":1,"7":3,"8":3,"9":3,"10":3,"11":1,"12":2,"13":2,"14":1,"15":1,"16":1,"17":1,"18":3,"19":3,"20":3,"21":2,"22":1,"23":1,"24":1,"25":1,"26":1,"27":1},"f":{"0":2,"1":3,"2":3,"3":1},"b":{"0":[1,2],"1":[1,1],"2":[1,0]},"_coverageSchema":"1a1c01bbd47fc00a2c39e90264f33305004495a9","hash":"9362f4b3cceb7b243549828e00c6e9729b70ac20"}
,"/Users/malik/developer/cimet/training-management-system/server/controller/userController.js": {"path":"/Users/malik/developer/cimet/training-management-system/server/controller/userController.js","statementMap":{"0":{"start":{"line":1,"column":13},"end":{"line":1,"column":42}},"1":{"start":{"line":2,"column":15},"end":{"line":2,"column":34}},"2":{"start":{"line":3,"column":12},"end":{"line":3,"column":35}},"3":{"start":{"line":4,"column":15},"end":{"line":4,"column":46}},"4":{"start":{"line":7,"column":21},"end":{"line":34,"column":1}},"5":{"start":{"line":8,"column":4},"end":{"line":33,"column":5}},"6":{"start":{"line":9,"column":48},"end":{"line":9,"column":56}},"7":{"start":{"line":10,"column":8},"end":{"line":12,"column":9}},"8":{"start":{"line":11,"column":12},"end":{"line":11,"column":86}},"9":{"start":{"line":14,"column":29},"end":{"line":14,"column":58}},"10":{"start":{"line":15,"column":8},"end":{"line":17,"column":9}},"11":{"start":{"line":16,"column":12},"end":{"line":16,"column":76}},"12":{"start":{"line":19,"column":31},"end":{"line":19,"column":62}},"13":{"start":{"line":21,"column":24},"end":{"line":26,"column":10}},"14":{"start":{"line":28,"column":8},"end":{"line":28,"column":29}},"15":{"start":{"line":29,"column":8},"end":{"line":29,"column":71}},"16":{"start":{"line":31,"column":28},"end":{"line":31,"column":81}},"17":{"start":{"line":32,"column":8},"end":{"line":32,"column":53}},"18":{"start":{"line":37,"column":18},"end":{"line":60,"column":1}},"19":{"start":{"line":38,"column":4},"end":{"line":59,"column":5}},"20":{"start":{"line":39,"column":36},"end":{"line":39,"column":44}},"21":{"start":{"line":41,"column":21},"end":{"line":41,"column":50}},"22":{"start":{"line":42,"column":8},"end":{"line":44,"column":9}},"23":{"start":{"line":43,"column":12},"end":{"line":43,"column":82}},"24":{"start":{"line":46,"column":24},"end":{"line":46,"column":69}},"25":{"start":{"line":47,"column":8},"end":{"line":49,"column":9}},"26":{"start":{"line":48,"column":12},"end":{"line":48,"column":82}},"27":{"start":{"line":51,"column":22},"end":{"line":51,"column":126}},"28":{"start":{"line":53,"column":8},"end":{"line":53,"column":84}},"29":{"start":{"line":54,"column":8},"end":{"line":54,"column":23}},"30":{"start":{"line":55,"column":8},"end":{"line":55,"column":145}},"31":{"start":{"line":57,"column":28},"end":{"line":57,"column":88}},"32":{"start":{"line":58,"column":8},"end":{"line":58,"column":53}},"33":{"start":{"line":61,"column":26},"end":{"line":92,"column":1}},"34":{"start":{"line":62,"column":4},"end":{"line":91,"column":5}},"35":{"start":{"line":63,"column":98},"end":{"line":63,"column":106}},"36":{"start":{"line":66,"column":29},"end":{"line":66,"column":58}},"37":{"start":{"line":67,"column":8},"end":{"line":69,"column":9}},"38":{"start":{"line":68,"column":12},"end":{"line":68,"column":92}},"39":{"start":{"line":72,"column":31},"end":{"line":72,"column":62}},"40":{"start":{"line":75,"column":27},"end":{"line":83,"column":10}},"41":{"start":{"line":86,"column":8},"end":{"line":86,"column":32}},"42":{"start":{"line":87,"column":8},"end":{"line":87,"column":166}},"43":{"start":{"line":89,"column":28},"end":{"line":89,"column":81}},"44":{"start":{"line":90,"column":8},"end":{"line":90,"column":53}},"45":{"start":{"line":95,"column":19},"end":{"line":102,"column":1}},"46":{"start":{"line":96,"column":4},"end":{"line":101,"column":5}},"47":{"start":{"line":97,"column":8},"end":{"line":97,"column":33}},"48":{"start":{"line":98,"column":8},"end":{"line":98,"column":69}},"49":{"start":{"line":100,"column":8},"end":{"line":100,"column":55}},"50":{"start":{"line":105,"column":23},"end":{"line":118,"column":1}},"51":{"start":{"line":106,"column":4},"end":{"line":117,"column":5}},"52":{"start":{"line":107,"column":23},"end":{"line":107,"column":38}},"53":{"start":{"line":108,"column":28},"end":{"line":108,"column":95}},"54":{"start":{"line":109,"column":21},"end":{"line":109,"column":68}},"55":{"start":{"line":110,"column":8},"end":{"line":112,"column":9}},"56":{"start":{"line":111,"column":12},"end":{"line":111,"column":71}},"57":{"start":{"line":113,"column":8},"end":{"line":113,"column":23}},"58":{"start":{"line":115,"column":28},"end":{"line":115,"column":89}},"59":{"start":{"line":116,"column":8},"end":{"line":116,"column":53}},"60":{"start":{"line":121,"column":17},"end":{"line":142,"column":1}},"61":{"start":{"line":122,"column":4},"end":{"line":141,"column":5}},"62":{"start":{"line":123,"column":25},"end":{"line":123,"column":34}},"63":{"start":{"line":124,"column":21},"end":{"line":124,"column":29}},"64":{"start":{"line":125,"column":28},"end":{"line":125,"column":99}},"65":{"start":{"line":127,"column":8},"end":{"line":129,"column":9}},"66":{"start":{"line":128,"column":12},"end":{"line":128,"column":83}},"67":{"start":{"line":132,"column":22},"end":{"line":132,"column":67}},"68":{"start":{"line":134,"column":8},"end":{"line":136,"column":9}},"69":{"start":{"line":135,"column":12},"end":{"line":135,"column":74}},"70":{"start":{"line":138,"column":8},"end":{"line":138,"column":36}},"71":{"start":{"line":140,"column":8},"end":{"line":140,"column":53}},"72":{"start":{"line":144,"column":24},"end":{"line":165,"column":1}},"73":{"start":{"line":145,"column":18},"end":{"line":145,"column":35}},"74":{"start":{"line":146,"column":4},"end":{"line":148,"column":5}},"75":{"start":{"line":147,"column":8},"end":{"line":147,"column":70}},"76":{"start":{"line":149,"column":4},"end":{"line":163,"column":5}},"77":{"start":{"line":150,"column":24},"end":{"line":150,"column":65}},"78":{"start":{"line":151,"column":21},"end":{"line":151,"column":115}},"79":{"start":{"line":153,"column":8},"end":{"line":155,"column":9}},"80":{"start":{"line":154,"column":12},"end":{"line":154,"column":71}},"81":{"start":{"line":156,"column":8},"end":{"line":156,"column":96}},"82":{"start":{"line":159,"column":8},"end":{"line":161,"column":9}},"83":{"start":{"line":160,"column":12},"end":{"line":160,"column":70}},"84":{"start":{"line":162,"column":8},"end":{"line":162,"column":63}},"85":{"start":{"line":167,"column":27},"end":{"line":187,"column":1}},"86":{"start":{"line":168,"column":18},"end":{"line":168,"column":35}},"87":{"start":{"line":170,"column":4},"end":{"line":172,"column":5}},"88":{"start":{"line":171,"column":8},"end":{"line":171,"column":70}},"89":{"start":{"line":174,"column":4},"end":{"line":186,"column":5}},"90":{"start":{"line":175,"column":24},"end":{"line":175,"column":65}},"91":{"start":{"line":178,"column":8},"end":{"line":180,"column":9}},"92":{"start":{"line":179,"column":12},"end":{"line":179,"column":84}},"93":{"start":{"line":183,"column":8},"end":{"line":183,"column":81}},"94":{"start":{"line":185,"column":8},"end":{"line":185,"column":66}},"95":{"start":{"line":189,"column":24},"end":{"line":223,"column":1}},"96":{"start":{"line":190,"column":4},"end":{"line":222,"column":5}},"97":{"start":{"line":191,"column":23},"end":{"line":191,"column":38}},"98":{"start":{"line":193,"column":40},"end":{"line":193,"column":48}},"99":{"start":{"line":195,"column":21},"end":{"line":195,"column":48}},"100":{"start":{"line":196,"column":8},"end":{"line":198,"column":9}},"101":{"start":{"line":197,"column":12},"end":{"line":197,"column":71}},"102":{"start":{"line":199,"column":28},"end":{"line":199,"column":97}},"103":{"start":{"line":201,"column":31},"end":{"line":201,"column":99}},"104":{"start":{"line":201,"column":59},"end":{"line":201,"column":98}},"105":{"start":{"line":202,"column":28},"end":{"line":202,"column":111}},"106":{"start":{"line":203,"column":8},"end":{"line":205,"column":9}},"107":{"start":{"line":204,"column":12},"end":{"line":204,"column":97}},"108":{"start":{"line":207,"column":8},"end":{"line":207,"column":51}},"109":{"start":{"line":208,"column":8},"end":{"line":208,"column":26}},"110":{"start":{"line":209,"column":8},"end":{"line":213,"column":10}},"111":{"start":{"line":214,"column":8},"end":{"line":214,"column":89}},"112":{"start":{"line":217,"column":8},"end":{"line":219,"column":9}},"113":{"start":{"line":218,"column":12},"end":{"line":218,"column":70}},"114":{"start":{"line":220,"column":8},"end":{"line":220,"column":53}},"115":{"start":{"line":225,"column":0},"end":{"line":235,"column":2}},"116":{"start":{"line":242,"column":85},"end":{"line":242,"column":40020}},"117":{"start":{"line":242,"column":89},"end":{"line":242,"column":40009}}},"fnMap":{"0":{"name":"(anonymous_0)","decl":{"start":{"line":7,"column":21},"end":{"line":7,"column":22}},"loc":{"start":{"line":7,"column":41},"end":{"line":34,"column":1}},"line":7},"1":{"name":"(anonymous_1)","decl":{"start":{"line":37,"column":18},"end":{"line":37,"column":19}},"loc":{"start":{"line":37,"column":38},"end":{"line":60,"column":1}},"line":37},"2":{"name":"(anonymous_2)","decl":{"start":{"line":61,"column":26},"end":{"line":61,"column":27}},"loc":{"start":{"line":61,"column":46},"end":{"line":92,"column":1}},"line":61},"3":{"name":"(anonymous_3)","decl":{"start":{"line":95,"column":19},"end":{"line":95,"column":20}},"loc":{"start":{"line":95,"column":39},"end":{"line":102,"column":1}},"line":95},"4":{"name":"(anonymous_4)","decl":{"start":{"line":105,"column":23},"end":{"line":105,"column":24}},"loc":{"start":{"line":105,"column":43},"end":{"line":118,"column":1}},"line":105},"5":{"name":"(anonymous_5)","decl":{"start":{"line":121,"column":17},"end":{"line":121,"column":18}},"loc":{"start":{"line":121,"column":37},"end":{"line":142,"column":1}},"line":121},"6":{"name":"(anonymous_6)","decl":{"start":{"line":144,"column":24},"end":{"line":144,"column":25}},"loc":{"start":{"line":144,"column":44},"end":{"line":165,"column":1}},"line":144},"7":{"name":"(anonymous_7)","decl":{"start":{"line":167,"column":27},"end":{"line":167,"column":28}},"loc":{"start":{"line":167,"column":47},"end":{"line":187,"column":1}},"line":167},"8":{"name":"(anonymous_8)","decl":{"start":{"line":189,"column":24},"end":{"line":189,"column":25}},"loc":{"start":{"line":189,"column":44},"end":{"line":223,"column":1}},"line":189},"9":{"name":"(anonymous_9)","decl":{"start":{"line":201,"column":49},"end":{"line":201,"column":50}},"loc":{"start":{"line":201,"column":59},"end":{"line":201,"column":98}},"line":201},"10":{"name":"oo_cm","decl":{"start":{"line":242,"column":77},"end":{"line":242,"column":82}},"loc":{"start":{"line":242,"column":84},"end":{"line":242,"column":40021}},"line":242}},"branchMap":{"0":{"loc":{"start":{"line":10,"column":8},"end":{"line":12,"column":9}},"type":"if","locations":[{"start":{"line":10,"column":8},"end":{"line":12,"column":9}},{"start":{},"end":{}}],"line":10},"1":{"loc":{"start":{"line":10,"column":12},"end":{"line":10,"column":50}},"type":"binary-expr","locations":[{"start":{"line":10,"column":12},"end":{"line":10,"column":28}},{"start":{"line":10,"column":32},"end":{"line":10,"column":50}}],"line":10},"2":{"loc":{"start":{"line":15,"column":8},"end":{"line":17,"column":9}},"type":"if","locations":[{"start":{"line":15,"column":8},"end":{"line":17,"column":9}},{"start":{},"end":{}}],"line":15},"3":{"loc":{"start":{"line":42,"column":8},"end":{"line":44,"column":9}},"type":"if","locations":[{"start":{"line":42,"column":8},"end":{"line":44,"column":9}},{"start":{},"end":{}}],"line":42},"4":{"loc":{"start":{"line":47,"column":8},"end":{"line":49,"column":9}},"type":"if","locations":[{"start":{"line":47,"column":8},"end":{"line":49,"column":9}},{"start":{},"end":{}}],"line":47},"5":{"loc":{"start":{"line":67,"column":8},"end":{"line":69,"column":9}},"type":"if","locations":[{"start":{"line":67,"column":8},"end":{"line":69,"column":9}},{"start":{},"end":{}}],"line":67},"6":{"loc":{"start":{"line":110,"column":8},"end":{"line":112,"column":9}},"type":"if","locations":[{"start":{"line":110,"column":8},"end":{"line":112,"column":9}},{"start":{},"end":{}}],"line":110},"7":{"loc":{"start":{"line":127,"column":8},"end":{"line":129,"column":9}},"type":"if","locations":[{"start":{"line":127,"column":8},"end":{"line":129,"column":9}},{"start":{},"end":{}}],"line":127},"8":{"loc":{"start":{"line":134,"column":8},"end":{"line":136,"column":9}},"type":"if","locations":[{"start":{"line":134,"column":8},"end":{"line":136,"column":9}},{"start":{},"end":{}}],"line":134},"9":{"loc":{"start":{"line":146,"column":4},"end":{"line":148,"column":5}},"type":"if","locations":[{"start":{"line":146,"column":4},"end":{"line":148,"column":5}},{"start":{},"end":{}}],"line":146},"10":{"loc":{"start":{"line":153,"column":8},"end":{"line":155,"column":9}},"type":"if","locations":[{"start":{"line":153,"column":8},"end":{"line":155,"column":9}},{"start":{},"end":{}}],"line":153},"11":{"loc":{"start":{"line":159,"column":8},"end":{"line":161,"column":9}},"type":"if","locations":[{"start":{"line":159,"column":8},"end":{"line":161,"column":9}},{"start":{},"end":{}}],"line":159},"12":{"loc":{"start":{"line":170,"column":4},"end":{"line":172,"column":5}},"type":"if","locations":[{"start":{"line":170,"column":4},"end":{"line":172,"column":5}},{"start":{},"end":{}}],"line":170},"13":{"loc":{"start":{"line":178,"column":8},"end":{"line":180,"column":9}},"type":"if","locations":[{"start":{"line":178,"column":8},"end":{"line":180,"column":9}},{"start":{},"end":{}}],"line":178},"14":{"loc":{"start":{"line":196,"column":8},"end":{"line":198,"column":9}},"type":"if","locations":[{"start":{"line":196,"column":8},"end":{"line":198,"column":9}},{"start":{},"end":{}}],"line":196},"15":{"loc":{"start":{"line":203,"column":8},"end":{"line":205,"column":9}},"type":"if","locations":[{"start":{"line":203,"column":8},"end":{"line":205,"column":9}},{"start":{},"end":{}}],"line":203},"16":{"loc":{"start":{"line":217,"column":8},"end":{"line":219,"column":9}},"type":"if","locations":[{"start":{"line":217,"column":8},"end":{"line":219,"column":9}},{"start":{},"end":{}}],"line":217},"17":{"loc":{"start":{"line":242,"column":96},"end":{"line":242,"column":40008}},"type":"binary-expr","locations":[{"start":{"line":242,"column":96},"end":{"line":242,"column":133}},{"start":{"line":242,"column":137},"end":{"line":242,"column":40008}}],"line":242}},"s":{"0":1,"1":1,"2":1,"3":1,"4":1,"5":2,"6":2,"7":2,"8":0,"9":2,"10":2,"11":1,"12":1,"13":1,"14":1,"15":1,"16":0,"17":0,"18":1,"19":3,"20":3,"21":3,"22":3,"23":1,"24":2,"25":2,"26":1,"27":1,"28":1,"29":1,"30":1,"31":0,"32":0,"33":1,"34":2,"35":2,"36":2,"37":2,"38":1,"39":1,"40":1,"41":1,"42":1,"43":0,"44":0,"45":1,"46":3,"47":3,"48":2,"49":1,"50":1,"51":0,"52":0,"53":0,"54":0,"55":0,"56":0,"57":0,"58":0,"59":0,"60":1,"61":4,"62":4,"63":4,"64":4,"65":4,"66":1,"67":3,"68":2,"69":1,"70":1,"71":1,"72":1,"73":5,"74":5,"75":1,"76":4,"77":4,"78":3,"79":2,"80":1,"81":1,"82":2,"83":1,"84":1,"85":1,"86":4,"87":4,"88":1,"89":3,"90":3,"91":2,"92":1,"93":1,"94":1,"95":1,"96":3,"97":3,"98":3,"99":3,"100":3,"101":0,"102":3,"103":3,"104":1,"105":3,"106":3,"107":1,"108":2,"109":2,"110":1,"111":1,"112":1,"113":0,"114":1,"115":1,"116":10,"117":10},"f":{"0":2,"1":3,"2":2,"3":3,"4":0,"5":4,"6":5,"7":4,"8":3,"9":1,"10":10},"b":{"0":[0,2],"1":[2,2],"2":[1,1],"3":[1,2],"4":[1,1],"5":[1,1],"6":[0,0],"7":[1,3],"8":[1,1],"9":[1,4],"10":[1,1],"11":[1,1],"12":[1,3],"13":[1,1],"14":[0,3],"15":[1,2],"16":[0,1],"17":[10,0]},"_coverageSchema":"1a1c01bbd47fc00a2c39e90264f33305004495a9","hash":"c16c5df86a29387d41a1f21b7b08617bc59bd8fc"}
,"/Users/malik/developer/cimet/training-management-system/server/middleware/auth.js": {"path":"/Users/malik/developer/cimet/training-management-system/server/middleware/auth.js","statementMap":{"0":{"start":{"line":3,"column":12},"end":{"line":3,"column":35}},"1":{"start":{"line":5,"column":13},"end":{"line":27,"column":1}},"2":{"start":{"line":6,"column":4},"end":{"line":24,"column":9}},"3":{"start":{"line":7,"column":22},"end":{"line":7,"column":39}},"4":{"start":{"line":8,"column":8},"end":{"line":10,"column":9}},"5":{"start":{"line":9,"column":12},"end":{"line":9,"column":95}},"6":{"start":{"line":12,"column":25},"end":{"line":12,"column":66}},"7":{"start":{"line":13,"column":8},"end":{"line":15,"column":9}},"8":{"start":{"line":14,"column":12},"end":{"line":14,"column":97}},"9":{"start":{"line":17,"column":8},"end":{"line":17,"column":28}},"10":{"start":{"line":18,"column":8},"end":{"line":18,"column":15}},"11":{"start":{"line":20,"column":8},"end":{"line":22,"column":11}},"12":{"start":{"line":21,"column":12},"end":{"line":21,"column":70}},"13":{"start":{"line":23,"column":10},"end":{"line":23,"column":55}},"14":{"start":{"line":29,"column":16},"end":{"line":36,"column":1}},"15":{"start":{"line":30,"column":4},"end":{"line":35,"column":9}},"16":{"start":{"line":31,"column":8},"end":{"line":33,"column":9}},"17":{"start":{"line":32,"column":10},"end":{"line":32,"column":82}},"18":{"start":{"line":34,"column":8},"end":{"line":34,"column":15}},"19":{"start":{"line":40,"column":0},"end":{"line":40,"column":34}}},"fnMap":{"0":{"name":"(anonymous_0)","decl":{"start":{"line":5,"column":13},"end":{"line":5,"column":14}},"loc":{"start":{"line":5,"column":33},"end":{"line":27,"column":1}},"line":5},"1":{"name":"(anonymous_1)","decl":{"start":{"line":29,"column":16},"end":{"line":29,"column":17}},"loc":{"start":{"line":29,"column":32},"end":{"line":36,"column":1}},"line":29},"2":{"name":"(anonymous_2)","decl":{"start":{"line":30,"column":19},"end":{"line":30,"column":20}},"loc":{"start":{"line":30,"column":25},"end":{"line":35,"column":7}},"line":30}},"branchMap":{"0":{"loc":{"start":{"line":8,"column":8},"end":{"line":10,"column":9}},"type":"if","locations":[{"start":{"line":8,"column":8},"end":{"line":10,"column":9}},{"start":{},"end":{}}],"line":8},"1":{"loc":{"start":{"line":13,"column":8},"end":{"line":15,"column":9}},"type":"if","locations":[{"start":{"line":13,"column":8},"end":{"line":15,"column":9}},{"start":{},"end":{}}],"line":13},"2":{"loc":{"start":{"line":20,"column":8},"end":{"line":22,"column":11}},"type":"if","locations":[{"start":{"line":20,"column":8},"end":{"line":22,"column":11}},{"start":{},"end":{}}],"line":20},"3":{"loc":{"start":{"line":31,"column":8},"end":{"line":33,"column":9}},"type":"if","locations":[{"start":{"line":31,"column":8},"end":{"line":33,"column":9}},{"start":{},"end":{}}],"line":31}},"s":{"0":1,"1":1,"2":34,"3":34,"4":34,"5":2,"6":32,"7":31,"8":0,"9":31,"10":31,"11":1,"12":1,"13":0,"14":1,"15":26,"16":25,"17":7,"18":18,"19":1},"f":{"0":34,"1":26,"2":25},"b":{"0":[2,32],"1":[0,31],"2":[1,0],"3":[7,18]},"_coverageSchema":"1a1c01bbd47fc00a2c39e90264f33305004495a9","hash":"a8253f6b2dc0fea5b98719a29bfad9a59a1f6fa8"}
,"/Users/malik/developer/cimet/training-management-system/server/model/categoryModel.js": {"path":"/Users/malik/developer/cimet/training-management-system/server/model/categoryModel.js","statementMap":{"0":{"start":{"line":1,"column":17},"end":{"line":1,"column":36}},"1":{"start":{"line":4,"column":23},"end":{"line":9,"column":23}},"2":{"start":{"line":10,"column":15},"end":{"line":10,"column":56}},"3":{"start":{"line":12,"column":0},"end":{"line":12,"column":23}}},"fnMap":{},"branchMap":{},"s":{"0":1,"1":1,"2":1,"3":1},"f":{},"b":{},"_coverageSchema":"1a1c01bbd47fc00a2c39e90264f33305004495a9","hash":"0ee3c774e6381b468e934d3208af02f84679ad05"}
,"/Users/malik/developer/cimet/training-management-system/server/model/courseModel.js": {"path":"/Users/malik/developer/cimet/training-management-system/server/model/courseModel.js","statementMap":{"0":{"start":{"line":3,"column":16},"end":{"line":3,"column":35}},"1":{"start":{"line":5,"column":19},"end":{"line":42,"column":23}},"2":{"start":{"line":44,"column":15},"end":{"line":44,"column":53}},"3":{"start":{"line":46,"column":0},"end":{"line":46,"column":24}}},"fnMap":{},"branchMap":{},"s":{"0":1,"1":1,"2":1,"3":1},"f":{},"b":{},"_coverageSchema":"1a1c01bbd47fc00a2c39e90264f33305004495a9","hash":"8cfd2b61e2cf2ca3585a8d98eac10a711778cbf9"}
,"/Users/malik/developer/cimet/training-management-system/server/model/courseModuleModel.js": {"path":"/Users/malik/developer/cimet/training-management-system/server/model/courseModuleModel.js","statementMap":{"0":{"start":{"line":1,"column":17},"end":{"line":1,"column":36}},"1":{"start":{"line":4,"column":27},"end":{"line":37,"column":23}},"2":{"start":{"line":39,"column":21},"end":{"line":39,"column":71}},"3":{"start":{"line":41,"column":0},"end":{"line":41,"column":30}}},"fnMap":{},"branchMap":{},"s":{"0":1,"1":1,"2":1,"3":1},"f":{},"b":{},"_coverageSchema":"1a1c01bbd47fc00a2c39e90264f33305004495a9","hash":"46a059a901afbc1669c105b347954822dc6cad1e"}
,"/Users/malik/developer/cimet/training-management-system/server/model/userModel.js": {"path":"/Users/malik/developer/cimet/training-management-system/server/model/userModel.js","statementMap":{"0":{"start":{"line":1,"column":17},"end":{"line":1,"column":36}},"1":{"start":{"line":3,"column":21},"end":{"line":3,"column":48}},"2":{"start":{"line":4,"column":19},"end":{"line":45,"column":23}},"3":{"start":{"line":47,"column":13},"end":{"line":47,"column":47}},"4":{"start":{"line":49,"column":0},"end":{"line":49,"column":22}}},"fnMap":{},"branchMap":{},"s":{"0":1,"1":1,"2":1,"3":1,"4":1},"f":{},"b":{},"_coverageSchema":"1a1c01bbd47fc00a2c39e90264f33305004495a9","hash":"afed5f530650070f111d8d87b8fa300d91dc3a4e"}
,"/Users/malik/developer/cimet/training-management-system/server/routes/categoryRoute.js": {"path":"/Users/malik/developer/cimet/training-management-system/server/routes/categoryRoute.js","statementMap":{"0":{"start":{"line":3,"column":14},"end":{"line":3,"column":32}},"1":{"start":{"line":4,"column":53},"end":{"line":4,"column":96}},"2":{"start":{"line":5,"column":22},"end":{"line":5,"column":51}},"3":{"start":{"line":7,"column":13},"end":{"line":7,"column":29}},"4":{"start":{"line":9,"column":0},"end":{"line":9,"column":38}},"5":{"start":{"line":10,"column":0},"end":{"line":10,"column":46}},"6":{"start":{"line":11,"column":0},"end":{"line":11,"column":27}},"7":{"start":{"line":13,"column":0},"end":{"line":13,"column":21}}},"fnMap":{},"branchMap":{},"s":{"0":1,"1":1,"2":1,"3":1,"4":1,"5":1,"6":1,"7":1},"f":{},"b":{},"_coverageSchema":"1a1c01bbd47fc00a2c39e90264f33305004495a9","hash":"7263dffcf4ece49022141c5ab21dcd32cdf3e775"}
,"/Users/malik/developer/cimet/training-management-system/server/routes/courseModuleRoute.js": {"path":"/Users/malik/developer/cimet/training-management-system/server/routes/courseModuleRoute.js","statementMap":{"0":{"start":{"line":3,"column":14},"end":{"line":3,"column":32}},"1":{"start":{"line":4,"column":22},"end":{"line":4,"column":51}},"2":{"start":{"line":5,"column":53},"end":{"line":5,"column":94}},"3":{"start":{"line":7,"column":13},"end":{"line":7,"column":29}},"4":{"start":{"line":9,"column":0},"end":{"line":9,"column":45}},"5":{"start":{"line":10,"column":0},"end":{"line":10,"column":50}},"6":{"start":{"line":11,"column":0},"end":{"line":11,"column":25}},"7":{"start":{"line":14,"column":0},"end":{"line":14,"column":21}}},"fnMap":{},"branchMap":{},"s":{"0":1,"1":1,"2":1,"3":1,"4":1,"5":1,"6":1,"7":1},"f":{},"b":{},"_coverageSchema":"1a1c01bbd47fc00a2c39e90264f33305004495a9","hash":"5375ec7f65345d8f456775d2e828b21cdcfcb24b"}
,"/Users/malik/developer/cimet/training-management-system/server/routes/coursesRoute.js": {"path":"/Users/malik/developer/cimet/training-management-system/server/routes/coursesRoute.js","statementMap":{"0":{"start":{"line":3,"column":14},"end":{"line":3,"column":32}},"1":{"start":{"line":4,"column":28},"end":{"line":4,"column":57}},"2":{"start":{"line":5,"column":68},"end":{"line":5,"column":109}},"3":{"start":{"line":6,"column":15},"end":{"line":6,"column":32}},"4":{"start":{"line":8,"column":13},"end":{"line":8,"column":29}},"5":{"start":{"line":9,"column":15},"end":{"line":9,"column":43}},"6":{"start":{"line":12,"column":0},"end":{"line":12,"column":69}},"7":{"start":{"line":13,"column":0},"end":{"line":13,"column":25}},"8":{"start":{"line":14,"column":0},"end":{"line":14,"column":43}},"9":{"start":{"line":15,"column":0},"end":{"line":15,"column":44}},"10":{"start":{"line":17,"column":0},"end":{"line":17,"column":21}}},"fnMap":{},"branchMap":{},"s":{"0":1,"1":1,"2":1,"3":1,"4":1,"5":1,"6":1,"7":1,"8":1,"9":1,"10":1},"f":{},"b":{},"_coverageSchema":"1a1c01bbd47fc00a2c39e90264f33305004495a9","hash":"168fcf535c7917a9126a75ae920830e8ed2ac5ea"}
,"/Users/malik/developer/cimet/training-management-system/server/routes/userRoute.js": {"path":"/Users/malik/developer/cimet/training-management-system/server/routes/userRoute.js","statementMap":{"0":{"start":{"line":1,"column":16},"end":{"line":1,"column":34}},"1":{"start":{"line":2,"column":15},"end":{"line":2,"column":34}},"2":{"start":{"line":3,"column":12},"end":{"line":3,"column":35}},"3":{"start":{"line":4,"column":13},"end":{"line":4,"column":42}},"4":{"start":{"line":5,"column":147},"end":{"line":5,"column":186}},"5":{"start":{"line":6,"column":28},"end":{"line":6,"column":57}},"6":{"start":{"line":8,"column":15},"end":{"line":8,"column":31}},"7":{"start":{"line":9,"column":0},"end":{"line":9,"column":27}},"8":{"start":{"line":12,"column":19},"end":{"line":12,"column":66}},"9":{"start":{"line":16,"column":0},"end":{"line":16,"column":35}},"10":{"start":{"line":17,"column":0},"end":{"line":17,"column":31}},"11":{"start":{"line":18,"column":0},"end":{"line":18,"column":45}},"12":{"start":{"line":19,"column":0},"end":{"line":19,"column":26}},"13":{"start":{"line":20,"column":0},"end":{"line":20,"column":32}},"14":{"start":{"line":21,"column":0},"end":{"line":21,"column":54}},"15":{"start":{"line":22,"column":0},"end":{"line":22,"column":40}},"16":{"start":{"line":23,"column":0},"end":{"line":23,"column":44}},"17":{"start":{"line":24,"column":0},"end":{"line":24,"column":49}},"18":{"start":{"line":28,"column":0},"end":{"line":28,"column":24}}},"fnMap":{},"branchMap":{"0":{"loc":{"start":{"line":12,"column":19},"end":{"line":12,"column":66}},"type":"binary-expr","locations":[{"start":{"line":12,"column":19},"end":{"line":12,"column":41}},{"start":{"line":12,"column":45},"end":{"line":12,"column":66}}],"line":12}},"s":{"0":1,"1":1,"2":1,"3":1,"4":1,"5":1,"6":1,"7":1,"8":1,"9":1,"10":1,"11":1,"12":1,"13":1,"14":1,"15":1,"16":1,"17":1,"18":1},"f":{},"b":{"0":[1,0]},"_coverageSchema":"1a1c01bbd47fc00a2c39e90264f33305004495a9","hash":"436509c9abaf92132843e629e3ea3babaef49934"}
}
