{"/home/inno/Assignment/training-management-system/server/app.js": {"path":"/home/inno/Assignment/training-management-system/server/app.js","statementMap":{"0":{"start":{"line":5,"column":16},"end":{"line":5,"column":34}},"1":{"start":{"line":6,"column":13},"end":{"line":6,"column":28}},"2":{"start":{"line":7,"column":21},"end":{"line":7,"column":45}},"3":{"start":{"line":8,"column":19},"end":{"line":8,"column":48}},"4":{"start":{"line":9,"column":22},"end":{"line":9,"column":55}},"5":{"start":{"line":10,"column":20},"end":{"line":10,"column":52}},"6":{"start":{"line":11,"column":26},"end":{"line":11,"column":63}},"7":{"start":{"line":15,"column":12},"end":{"line":15,"column":21}},"8":{"start":{"line":18,"column":0},"end":{"line":24,"column":4}},"9":{"start":{"line":21,"column":4},"end":{"line":21,"column":27}},"10":{"start":{"line":25,"column":0},"end":{"line":25,"column":24}},"11":{"start":{"line":26,"column":0},"end":{"line":26,"column":24}},"12":{"start":{"line":29,"column":0},"end":{"line":29,"column":34}},"13":{"start":{"line":30,"column":0},"end":{"line":30,"column":40}},"14":{"start":{"line":31,"column":0},"end":{"line":31,"column":36}},"15":{"start":{"line":32,"column":0},"end":{"line":32,"column":42}},"16":{"start":{"line":35,"column":0},"end":{"line":35,"column":25}}},"fnMap":{"0":{"name":"(anonymous_0)","decl":{"start":{"line":19,"column":10},"end":{"line":19,"column":11}},"loc":{"start":{"line":19,"column":38},"end":{"line":22,"column":3}},"line":19}},"branchMap":{},"s":{"0":1,"1":1,"2":1,"3":1,"4":1,"5":1,"6":1,"7":1,"8":1,"9":61,"10":1,"11":1,"12":1,"13":1,"14":1,"15":1,"16":1},"f":{"0":61},"b":{},"_coverageSchema":"1a1c01bbd47fc00a2c39e90264f33305004495a9","hash":"0d31f0fb0510c6c2cc60d7ee770e35474934b885"}
,"/home/inno/Assignment/training-management-system/server/controller/categoryController.js": {"path":"/home/inno/Assignment/training-management-system/server/controller/categoryController.js","statementMap":{"0":{"start":{"line":1,"column":17},"end":{"line":1,"column":50}},"1":{"start":{"line":4,"column":18},"end":{"line":11,"column":1}},"2":{"start":{"line":5,"column":2},"end":{"line":10,"column":3}},"3":{"start":{"line":6,"column":21},"end":{"line":6,"column":42}},"4":{"start":{"line":7,"column":6},"end":{"line":7,"column":37}},"5":{"start":{"line":9,"column":4},"end":{"line":9,"column":49}},"6":{"start":{"line":13,"column":18},"end":{"line":31,"column":1}},"7":{"start":{"line":14,"column":4},"end":{"line":30,"column":5}},"8":{"start":{"line":15,"column":25},"end":{"line":15,"column":33}},"9":{"start":{"line":17,"column":29},"end":{"line":17,"column":61}},"10":{"start":{"line":18,"column":4},"end":{"line":20,"column":5}},"11":{"start":{"line":19,"column":6},"end":{"line":19,"column":74}},"12":{"start":{"line":22,"column":24},"end":{"line":22,"column":46}},"13":{"start":{"line":23,"column":4},"end":{"line":23,"column":29}},"14":{"start":{"line":25,"column":4},"end":{"line":25,"column":38}},"15":{"start":{"line":28,"column":8},"end":{"line":28,"column":55}},"16":{"start":{"line":32,"column":21},"end":{"line":44,"column":1}},"17":{"start":{"line":33,"column":2},"end":{"line":43,"column":3}},"18":{"start":{"line":35,"column":13},"end":{"line":35,"column":26}},"19":{"start":{"line":36,"column":26},"end":{"line":36,"column":62}},"20":{"start":{"line":37,"column":4},"end":{"line":39,"column":5}},"21":{"start":{"line":38,"column":6},"end":{"line":38,"column":69}},"22":{"start":{"line":40,"column":4},"end":{"line":40,"column":74}},"23":{"start":{"line":42,"column":4},"end":{"line":42,"column":47}},"24":{"start":{"line":46,"column":0},"end":{"line":46,"column":55}}},"fnMap":{"0":{"name":"(anonymous_0)","decl":{"start":{"line":4,"column":18},"end":{"line":4,"column":19}},"loc":{"start":{"line":4,"column":34},"end":{"line":11,"column":1}},"line":4},"1":{"name":"(anonymous_1)","decl":{"start":{"line":13,"column":18},"end":{"line":13,"column":19}},"loc":{"start":{"line":13,"column":34},"end":{"line":31,"column":1}},"line":13},"2":{"name":"(anonymous_2)","decl":{"start":{"line":32,"column":21},"end":{"line":32,"column":22}},"loc":{"start":{"line":32,"column":37},"end":{"line":44,"column":1}},"line":32}},"branchMap":{"0":{"loc":{"start":{"line":18,"column":4},"end":{"line":20,"column":5}},"type":"if","locations":[{"start":{"line":18,"column":4},"end":{"line":20,"column":5}},{"start":{},"end":{}}],"line":18},"1":{"loc":{"start":{"line":37,"column":4},"end":{"line":39,"column":5}},"type":"if","locations":[{"start":{"line":37,"column":4},"end":{"line":39,"column":5}},{"start":{},"end":{}}],"line":37}},"s":{"0":1,"1":1,"2":2,"3":2,"4":1,"5":1,"6":1,"7":2,"8":2,"9":2,"10":2,"11":0,"12":2,"13":2,"14":1,"15":1,"16":1,"17":3,"18":3,"19":3,"20":2,"21":1,"22":1,"23":1,"24":1},"f":{"0":2,"1":2,"2":3},"b":{"0":[0,2],"1":[1,1]},"_coverageSchema":"1a1c01bbd47fc00a2c39e90264f33305004495a9","hash":"d7b69349653f387cb449216e37570a0e171bd9c8"}
,"/home/inno/Assignment/training-management-system/server/controller/courseController.js": {"path":"/home/inno/Assignment/training-management-system/server/controller/courseController.js","statementMap":{"0":{"start":{"line":1,"column":15},"end":{"line":1,"column":46}},"1":{"start":{"line":2,"column":17},"end":{"line":2,"column":38}},"2":{"start":{"line":3,"column":13},"end":{"line":3,"column":30}},"3":{"start":{"line":6,"column":0},"end":{"line":10,"column":3}},"4":{"start":{"line":15,"column":18},"end":{"line":37,"column":1}},"5":{"start":{"line":16,"column":2},"end":{"line":36,"column":1}},"6":{"start":{"line":19,"column":35},"end":{"line":19,"column":44}},"7":{"start":{"line":21,"column":19},"end":{"line":21,"column":21}},"8":{"start":{"line":23,"column":4},"end":{"line":25,"column":5}},"9":{"start":{"line":24,"column":6},"end":{"line":24,"column":35}},"10":{"start":{"line":27,"column":4},"end":{"line":29,"column":5}},"11":{"start":{"line":28,"column":6},"end":{"line":28,"column":54}},"12":{"start":{"line":32,"column":20},"end":{"line":32,"column":135}},"13":{"start":{"line":33,"column":4},"end":{"line":33,"column":34}},"14":{"start":{"line":35,"column":4},"end":{"line":35,"column":49}},"15":{"start":{"line":39,"column":28},"end":{"line":52,"column":1}},"16":{"start":{"line":40,"column":2},"end":{"line":51,"column":3}},"17":{"start":{"line":41,"column":21},"end":{"line":41,"column":34}},"18":{"start":{"line":42,"column":19},"end":{"line":42,"column":112}},"19":{"start":{"line":44,"column":4},"end":{"line":46,"column":5}},"20":{"start":{"line":45,"column":6},"end":{"line":45,"column":67}},"21":{"start":{"line":48,"column":4},"end":{"line":48,"column":33}},"22":{"start":{"line":50,"column":4},"end":{"line":50,"column":49}},"23":{"start":{"line":54,"column":18},"end":{"line":95,"column":1}},"24":{"start":{"line":55,"column":2},"end":{"line":94,"column":3}},"25":{"start":{"line":56,"column":79},"end":{"line":56,"column":87}},"26":{"start":{"line":59,"column":4},"end":{"line":61,"column":5}},"27":{"start":{"line":60,"column":6},"end":{"line":60,"column":82}},"28":{"start":{"line":62,"column":20},"end":{"line":62,"column":22}},"29":{"start":{"line":64,"column":4},"end":{"line":69,"column":5}},"30":{"start":{"line":65,"column":21},"end":{"line":67,"column":8}},"31":{"start":{"line":68,"column":6},"end":{"line":68,"column":36}},"32":{"start":{"line":76,"column":23},"end":{"line":85,"column":6}},"33":{"start":{"line":87,"column":4},"end":{"line":87,"column":27}},"34":{"start":{"line":89,"column":4},"end":{"line":89,"column":39}},"35":{"start":{"line":93,"column":4},"end":{"line":93,"column":51}},"36":{"start":{"line":97,"column":19},"end":{"line":109,"column":1}},"37":{"start":{"line":98,"column":2},"end":{"line":108,"column":3}},"38":{"start":{"line":100,"column":13},"end":{"line":100,"column":26}},"39":{"start":{"line":101,"column":24},"end":{"line":101,"column":58}},"40":{"start":{"line":102,"column":4},"end":{"line":104,"column":5}},"41":{"start":{"line":103,"column":6},"end":{"line":103,"column":67}},"42":{"start":{"line":105,"column":4},"end":{"line":105,"column":72}},"43":{"start":{"line":107,"column":4},"end":{"line":107,"column":47}},"44":{"start":{"line":111,"column":0},"end":{"line":111,"column":75}}},"fnMap":{"0":{"name":"(anonymous_0)","decl":{"start":{"line":15,"column":18},"end":{"line":15,"column":19}},"loc":{"start":{"line":15,"column":38},"end":{"line":37,"column":1}},"line":15},"1":{"name":"(anonymous_1)","decl":{"start":{"line":39,"column":28},"end":{"line":39,"column":29}},"loc":{"start":{"line":39,"column":48},"end":{"line":52,"column":1}},"line":39},"2":{"name":"(anonymous_2)","decl":{"start":{"line":54,"column":18},"end":{"line":54,"column":19}},"loc":{"start":{"line":54,"column":38},"end":{"line":95,"column":1}},"line":54},"3":{"name":"(anonymous_3)","decl":{"start":{"line":97,"column":19},"end":{"line":97,"column":20}},"loc":{"start":{"line":97,"column":35},"end":{"line":109,"column":1}},"line":97}},"branchMap":{"0":{"loc":{"start":{"line":23,"column":4},"end":{"line":25,"column":5}},"type":"if","locations":[{"start":{"line":23,"column":4},"end":{"line":25,"column":5}},{"start":{},"end":{}}],"line":23},"1":{"loc":{"start":{"line":27,"column":4},"end":{"line":29,"column":5}},"type":"if","locations":[{"start":{"line":27,"column":4},"end":{"line":29,"column":5}},{"start":{},"end":{}}],"line":27},"2":{"loc":{"start":{"line":44,"column":4},"end":{"line":46,"column":5}},"type":"if","locations":[{"start":{"line":44,"column":4},"end":{"line":46,"column":5}},{"start":{},"end":{}}],"line":44},"3":{"loc":{"start":{"line":59,"column":4},"end":{"line":61,"column":5}},"type":"if","locations":[{"start":{"line":59,"column":4},"end":{"line":61,"column":5}},{"start":{},"end":{}}],"line":59},"4":{"loc":{"start":{"line":59,"column":8},"end":{"line":59,"column":26}},"type":"binary-expr","locations":[{"start":{"line":59,"column":8},"end":{"line":59,"column":13}},{"start":{"line":59,"column":17},"end":{"line":59,"column":26}}],"line":59},"5":{"loc":{"start":{"line":64,"column":4},"end":{"line":69,"column":5}},"type":"if","locations":[{"start":{"line":64,"column":4},"end":{"line":69,"column":5}},{"start":{},"end":{}}],"line":64},"6":{"loc":{"start":{"line":102,"column":4},"end":{"line":104,"column":5}},"type":"if","locations":[{"start":{"line":102,"column":4},"end":{"line":104,"column":5}},{"start":{},"end":{}}],"line":102}},"s":{"0":1,"1":1,"2":1,"3":1,"4":1,"5":2,"6":2,"7":2,"8":2,"9":0,"10":2,"11":0,"12":2,"13":1,"14":1,"15":1,"16":3,"17":3,"18":3,"19":2,"20":1,"21":1,"22":1,"23":1,"24":2,"25":2,"26":2,"27":0,"28":2,"29":2,"30":2,"31":2,"32":2,"33":2,"34":1,"35":2,"36":1,"37":3,"38":3,"39":3,"40":2,"41":1,"42":1,"43":1,"44":1},"f":{"0":2,"1":3,"2":2,"3":3},"b":{"0":[0,2],"1":[0,2],"2":[1,1],"3":[0,2],"4":[2,2],"5":[2,0],"6":[1,1]},"_coverageSchema":"1a1c01bbd47fc00a2c39e90264f33305004495a9","hash":"716c483aef4005b5f61902c73e1c580dbdd1ce89"}
,"/home/inno/Assignment/training-management-system/server/controller/moduleController.js": {"path":"/home/inno/Assignment/training-management-system/server/controller/moduleController.js","statementMap":{"0":{"start":{"line":2,"column":21},"end":{"line":2,"column":58}},"1":{"start":{"line":4,"column":16},"end":{"line":11,"column":1}},"2":{"start":{"line":5,"column":2},"end":{"line":10,"column":3}},"3":{"start":{"line":6,"column":19},"end":{"line":6,"column":65}},"4":{"start":{"line":7,"column":6},"end":{"line":7,"column":35}},"5":{"start":{"line":9,"column":4},"end":{"line":9,"column":49}},"6":{"start":{"line":13,"column":16},"end":{"line":277,"column":3}},"7":{"start":{"line":14,"column":4},"end":{"line":276,"column":5}},"8":{"start":{"line":15,"column":85},"end":{"line":15,"column":93}},"9":{"start":{"line":17,"column":27},"end":{"line":17,"column":63}},"10":{"start":{"line":18,"column":4},"end":{"line":20,"column":5}},"11":{"start":{"line":19,"column":6},"end":{"line":19,"column":72}},"12":{"start":{"line":267,"column":20},"end":{"line":267,"column":109}},"13":{"start":{"line":268,"column":4},"end":{"line":268,"column":27}},"14":{"start":{"line":271,"column":4},"end":{"line":271,"column":36}},"15":{"start":{"line":274,"column":8},"end":{"line":274,"column":55}},"16":{"start":{"line":279,"column":29},"end":{"line":291,"column":5}},"17":{"start":{"line":280,"column":6},"end":{"line":290,"column":7}},"18":{"start":{"line":282,"column":17},"end":{"line":282,"column":30}},"19":{"start":{"line":283,"column":28},"end":{"line":283,"column":68}},"20":{"start":{"line":284,"column":8},"end":{"line":286,"column":9}},"21":{"start":{"line":285,"column":10},"end":{"line":285,"column":71}},"22":{"start":{"line":287,"column":8},"end":{"line":287,"column":76}},"23":{"start":{"line":289,"column":8},"end":{"line":289,"column":51}},"24":{"start":{"line":294,"column":0},"end":{"line":294,"column":55}}},"fnMap":{"0":{"name":"(anonymous_0)","decl":{"start":{"line":4,"column":16},"end":{"line":4,"column":17}},"loc":{"start":{"line":4,"column":32},"end":{"line":11,"column":1}},"line":4},"1":{"name":"(anonymous_1)","decl":{"start":{"line":13,"column":16},"end":{"line":13,"column":17}},"loc":{"start":{"line":13,"column":32},"end":{"line":277,"column":3}},"line":13},"2":{"name":"(anonymous_2)","decl":{"start":{"line":279,"column":29},"end":{"line":279,"column":30}},"loc":{"start":{"line":279,"column":45},"end":{"line":291,"column":5}},"line":279}},"branchMap":{"0":{"loc":{"start":{"line":18,"column":4},"end":{"line":20,"column":5}},"type":"if","locations":[{"start":{"line":18,"column":4},"end":{"line":20,"column":5}},{"start":{},"end":{}}],"line":18},"1":{"loc":{"start":{"line":284,"column":8},"end":{"line":286,"column":9}},"type":"if","locations":[{"start":{"line":284,"column":8},"end":{"line":286,"column":9}},{"start":{},"end":{}}],"line":284}},"s":{"0":1,"1":1,"2":2,"3":2,"4":1,"5":1,"6":1,"7":3,"8":3,"9":3,"10":3,"11":1,"12":2,"13":2,"14":1,"15":1,"16":1,"17":3,"18":3,"19":3,"20":2,"21":1,"22":1,"23":1,"24":1},"f":{"0":2,"1":3,"2":3},"b":{"0":[1,2],"1":[1,1]},"_coverageSchema":"1a1c01bbd47fc00a2c39e90264f33305004495a9","hash":"16edb6ab7a6f02dbc23ba328ed2c0deec12f0afa"}
,"/home/inno/Assignment/training-management-system/server/controller/userController.js": {"path":"/home/inno/Assignment/training-management-system/server/controller/userController.js","statementMap":{"0":{"start":{"line":1,"column":13},"end":{"line":1,"column":42}},"1":{"start":{"line":2,"column":15},"end":{"line":2,"column":34}},"2":{"start":{"line":3,"column":12},"end":{"line":3,"column":35}},"3":{"start":{"line":4,"column":15},"end":{"line":4,"column":46}},"4":{"start":{"line":7,"column":21},"end":{"line":34,"column":1}},"5":{"start":{"line":8,"column":4},"end":{"line":33,"column":5}},"6":{"start":{"line":9,"column":48},"end":{"line":9,"column":56}},"7":{"start":{"line":10,"column":8},"end":{"line":12,"column":9}},"8":{"start":{"line":11,"column":12},"end":{"line":11,"column":86}},"9":{"start":{"line":14,"column":29},"end":{"line":14,"column":58}},"10":{"start":{"line":15,"column":8},"end":{"line":17,"column":9}},"11":{"start":{"line":16,"column":12},"end":{"line":16,"column":76}},"12":{"start":{"line":19,"column":31},"end":{"line":19,"column":62}},"13":{"start":{"line":21,"column":24},"end":{"line":26,"column":10}},"14":{"start":{"line":28,"column":8},"end":{"line":28,"column":29}},"15":{"start":{"line":29,"column":8},"end":{"line":29,"column":71}},"16":{"start":{"line":32,"column":8},"end":{"line":32,"column":53}},"17":{"start":{"line":37,"column":18},"end":{"line":60,"column":1}},"18":{"start":{"line":38,"column":4},"end":{"line":59,"column":5}},"19":{"start":{"line":39,"column":36},"end":{"line":39,"column":44}},"20":{"start":{"line":41,"column":21},"end":{"line":41,"column":50}},"21":{"start":{"line":42,"column":8},"end":{"line":44,"column":9}},"22":{"start":{"line":43,"column":12},"end":{"line":43,"column":82}},"23":{"start":{"line":46,"column":24},"end":{"line":46,"column":69}},"24":{"start":{"line":47,"column":8},"end":{"line":49,"column":9}},"25":{"start":{"line":48,"column":12},"end":{"line":48,"column":82}},"26":{"start":{"line":51,"column":22},"end":{"line":51,"column":126}},"27":{"start":{"line":53,"column":8},"end":{"line":53,"column":84}},"28":{"start":{"line":54,"column":8},"end":{"line":54,"column":23}},"29":{"start":{"line":55,"column":8},"end":{"line":55,"column":145}},"30":{"start":{"line":58,"column":8},"end":{"line":58,"column":53}},"31":{"start":{"line":61,"column":26},"end":{"line":96,"column":1}},"32":{"start":{"line":62,"column":4},"end":{"line":95,"column":5}},"33":{"start":{"line":63,"column":98},"end":{"line":63,"column":106}},"34":{"start":{"line":66,"column":29},"end":{"line":66,"column":58}},"35":{"start":{"line":67,"column":8},"end":{"line":69,"column":9}},"36":{"start":{"line":68,"column":12},"end":{"line":68,"column":92}},"37":{"start":{"line":74,"column":37},"end":{"line":74,"column":72}},"38":{"start":{"line":77,"column":33},"end":{"line":85,"column":16}},"39":{"start":{"line":87,"column":14},"end":{"line":87,"column":38}},"40":{"start":{"line":91,"column":8},"end":{"line":91,"column":166}},"41":{"start":{"line":94,"column":8},"end":{"line":94,"column":53}},"42":{"start":{"line":99,"column":19},"end":{"line":106,"column":1}},"43":{"start":{"line":100,"column":4},"end":{"line":105,"column":5}},"44":{"start":{"line":101,"column":8},"end":{"line":101,"column":33}},"45":{"start":{"line":102,"column":8},"end":{"line":102,"column":69}},"46":{"start":{"line":104,"column":8},"end":{"line":104,"column":55}},"47":{"start":{"line":109,"column":23},"end":{"line":122,"column":1}},"48":{"start":{"line":110,"column":4},"end":{"line":121,"column":5}},"49":{"start":{"line":111,"column":23},"end":{"line":111,"column":38}},"50":{"start":{"line":113,"column":21},"end":{"line":113,"column":68}},"51":{"start":{"line":114,"column":8},"end":{"line":116,"column":9}},"52":{"start":{"line":115,"column":12},"end":{"line":115,"column":71}},"53":{"start":{"line":117,"column":8},"end":{"line":117,"column":23}},"54":{"start":{"line":120,"column":8},"end":{"line":120,"column":53}},"55":{"start":{"line":125,"column":17},"end":{"line":146,"column":1}},"56":{"start":{"line":126,"column":4},"end":{"line":145,"column":5}},"57":{"start":{"line":127,"column":25},"end":{"line":127,"column":34}},"58":{"start":{"line":128,"column":21},"end":{"line":128,"column":29}},"59":{"start":{"line":131,"column":8},"end":{"line":133,"column":9}},"60":{"start":{"line":132,"column":12},"end":{"line":132,"column":83}},"61":{"start":{"line":136,"column":22},"end":{"line":136,"column":67}},"62":{"start":{"line":138,"column":8},"end":{"line":140,"column":9}},"63":{"start":{"line":139,"column":12},"end":{"line":139,"column":74}},"64":{"start":{"line":142,"column":8},"end":{"line":142,"column":36}},"65":{"start":{"line":144,"column":8},"end":{"line":144,"column":53}},"66":{"start":{"line":148,"column":24},"end":{"line":169,"column":1}},"67":{"start":{"line":149,"column":18},"end":{"line":149,"column":35}},"68":{"start":{"line":150,"column":4},"end":{"line":152,"column":5}},"69":{"start":{"line":151,"column":8},"end":{"line":151,"column":70}},"70":{"start":{"line":153,"column":4},"end":{"line":167,"column":5}},"71":{"start":{"line":154,"column":24},"end":{"line":154,"column":65}},"72":{"start":{"line":155,"column":21},"end":{"line":155,"column":115}},"73":{"start":{"line":157,"column":8},"end":{"line":159,"column":9}},"74":{"start":{"line":158,"column":12},"end":{"line":158,"column":71}},"75":{"start":{"line":160,"column":8},"end":{"line":160,"column":96}},"76":{"start":{"line":163,"column":8},"end":{"line":165,"column":9}},"77":{"start":{"line":164,"column":12},"end":{"line":164,"column":70}},"78":{"start":{"line":166,"column":8},"end":{"line":166,"column":63}},"79":{"start":{"line":171,"column":27},"end":{"line":191,"column":1}},"80":{"start":{"line":172,"column":18},"end":{"line":172,"column":35}},"81":{"start":{"line":174,"column":4},"end":{"line":176,"column":5}},"82":{"start":{"line":175,"column":8},"end":{"line":175,"column":70}},"83":{"start":{"line":178,"column":4},"end":{"line":190,"column":5}},"84":{"start":{"line":179,"column":24},"end":{"line":179,"column":65}},"85":{"start":{"line":182,"column":8},"end":{"line":184,"column":9}},"86":{"start":{"line":183,"column":12},"end":{"line":183,"column":84}},"87":{"start":{"line":187,"column":8},"end":{"line":187,"column":81}},"88":{"start":{"line":189,"column":8},"end":{"line":189,"column":66}},"89":{"start":{"line":193,"column":24},"end":{"line":227,"column":1}},"90":{"start":{"line":194,"column":4},"end":{"line":226,"column":5}},"91":{"start":{"line":195,"column":23},"end":{"line":195,"column":38}},"92":{"start":{"line":197,"column":40},"end":{"line":197,"column":48}},"93":{"start":{"line":199,"column":21},"end":{"line":199,"column":48}},"94":{"start":{"line":200,"column":8},"end":{"line":202,"column":9}},"95":{"start":{"line":201,"column":12},"end":{"line":201,"column":71}},"96":{"start":{"line":205,"column":31},"end":{"line":205,"column":99}},"97":{"start":{"line":205,"column":59},"end":{"line":205,"column":98}},"98":{"start":{"line":207,"column":8},"end":{"line":209,"column":9}},"99":{"start":{"line":208,"column":12},"end":{"line":208,"column":97}},"100":{"start":{"line":211,"column":8},"end":{"line":211,"column":51}},"101":{"start":{"line":212,"column":8},"end":{"line":212,"column":26}},"102":{"start":{"line":213,"column":8},"end":{"line":217,"column":10}},"103":{"start":{"line":218,"column":8},"end":{"line":218,"column":89}},"104":{"start":{"line":221,"column":8},"end":{"line":223,"column":9}},"105":{"start":{"line":222,"column":12},"end":{"line":222,"column":70}},"106":{"start":{"line":224,"column":8},"end":{"line":224,"column":53}},"107":{"start":{"line":229,"column":0},"end":{"line":239,"column":2}}},"fnMap":{"0":{"name":"(anonymous_0)","decl":{"start":{"line":7,"column":21},"end":{"line":7,"column":22}},"loc":{"start":{"line":7,"column":41},"end":{"line":34,"column":1}},"line":7},"1":{"name":"(anonymous_1)","decl":{"start":{"line":37,"column":18},"end":{"line":37,"column":19}},"loc":{"start":{"line":37,"column":38},"end":{"line":60,"column":1}},"line":37},"2":{"name":"(anonymous_2)","decl":{"start":{"line":61,"column":26},"end":{"line":61,"column":27}},"loc":{"start":{"line":61,"column":46},"end":{"line":96,"column":1}},"line":61},"3":{"name":"(anonymous_3)","decl":{"start":{"line":99,"column":19},"end":{"line":99,"column":20}},"loc":{"start":{"line":99,"column":39},"end":{"line":106,"column":1}},"line":99},"4":{"name":"(anonymous_4)","decl":{"start":{"line":109,"column":23},"end":{"line":109,"column":24}},"loc":{"start":{"line":109,"column":43},"end":{"line":122,"column":1}},"line":109},"5":{"name":"(anonymous_5)","decl":{"start":{"line":125,"column":17},"end":{"line":125,"column":18}},"loc":{"start":{"line":125,"column":37},"end":{"line":146,"column":1}},"line":125},"6":{"name":"(anonymous_6)","decl":{"start":{"line":148,"column":24},"end":{"line":148,"column":25}},"loc":{"start":{"line":148,"column":44},"end":{"line":169,"column":1}},"line":148},"7":{"name":"(anonymous_7)","decl":{"start":{"line":171,"column":27},"end":{"line":171,"column":28}},"loc":{"start":{"line":171,"column":47},"end":{"line":191,"column":1}},"line":171},"8":{"name":"(anonymous_8)","decl":{"start":{"line":193,"column":24},"end":{"line":193,"column":25}},"loc":{"start":{"line":193,"column":44},"end":{"line":227,"column":1}},"line":193},"9":{"name":"(anonymous_9)","decl":{"start":{"line":205,"column":49},"end":{"line":205,"column":50}},"loc":{"start":{"line":205,"column":59},"end":{"line":205,"column":98}},"line":205}},"branchMap":{"0":{"loc":{"start":{"line":10,"column":8},"end":{"line":12,"column":9}},"type":"if","locations":[{"start":{"line":10,"column":8},"end":{"line":12,"column":9}},{"start":{},"end":{}}],"line":10},"1":{"loc":{"start":{"line":10,"column":12},"end":{"line":10,"column":50}},"type":"binary-expr","locations":[{"start":{"line":10,"column":12},"end":{"line":10,"column":28}},{"start":{"line":10,"column":32},"end":{"line":10,"column":50}}],"line":10},"2":{"loc":{"start":{"line":15,"column":8},"end":{"line":17,"column":9}},"type":"if","locations":[{"start":{"line":15,"column":8},"end":{"line":17,"column":9}},{"start":{},"end":{}}],"line":15},"3":{"loc":{"start":{"line":42,"column":8},"end":{"line":44,"column":9}},"type":"if","locations":[{"start":{"line":42,"column":8},"end":{"line":44,"column":9}},{"start":{},"end":{}}],"line":42},"4":{"loc":{"start":{"line":47,"column":8},"end":{"line":49,"column":9}},"type":"if","locations":[{"start":{"line":47,"column":8},"end":{"line":49,"column":9}},{"start":{},"end":{}}],"line":47},"5":{"loc":{"start":{"line":67,"column":8},"end":{"line":69,"column":9}},"type":"if","locations":[{"start":{"line":67,"column":8},"end":{"line":69,"column":9}},{"start":{},"end":{}}],"line":67},"6":{"loc":{"start":{"line":114,"column":8},"end":{"line":116,"column":9}},"type":"if","locations":[{"start":{"line":114,"column":8},"end":{"line":116,"column":9}},{"start":{},"end":{}}],"line":114},"7":{"loc":{"start":{"line":131,"column":8},"end":{"line":133,"column":9}},"type":"if","locations":[{"start":{"line":131,"column":8},"end":{"line":133,"column":9}},{"start":{},"end":{}}],"line":131},"8":{"loc":{"start":{"line":138,"column":8},"end":{"line":140,"column":9}},"type":"if","locations":[{"start":{"line":138,"column":8},"end":{"line":140,"column":9}},{"start":{},"end":{}}],"line":138},"9":{"loc":{"start":{"line":150,"column":4},"end":{"line":152,"column":5}},"type":"if","locations":[{"start":{"line":150,"column":4},"end":{"line":152,"column":5}},{"start":{},"end":{}}],"line":150},"10":{"loc":{"start":{"line":157,"column":8},"end":{"line":159,"column":9}},"type":"if","locations":[{"start":{"line":157,"column":8},"end":{"line":159,"column":9}},{"start":{},"end":{}}],"line":157},"11":{"loc":{"start":{"line":163,"column":8},"end":{"line":165,"column":9}},"type":"if","locations":[{"start":{"line":163,"column":8},"end":{"line":165,"column":9}},{"start":{},"end":{}}],"line":163},"12":{"loc":{"start":{"line":174,"column":4},"end":{"line":176,"column":5}},"type":"if","locations":[{"start":{"line":174,"column":4},"end":{"line":176,"column":5}},{"start":{},"end":{}}],"line":174},"13":{"loc":{"start":{"line":182,"column":8},"end":{"line":184,"column":9}},"type":"if","locations":[{"start":{"line":182,"column":8},"end":{"line":184,"column":9}},{"start":{},"end":{}}],"line":182},"14":{"loc":{"start":{"line":200,"column":8},"end":{"line":202,"column":9}},"type":"if","locations":[{"start":{"line":200,"column":8},"end":{"line":202,"column":9}},{"start":{},"end":{}}],"line":200},"15":{"loc":{"start":{"line":207,"column":8},"end":{"line":209,"column":9}},"type":"if","locations":[{"start":{"line":207,"column":8},"end":{"line":209,"column":9}},{"start":{},"end":{}}],"line":207},"16":{"loc":{"start":{"line":221,"column":8},"end":{"line":223,"column":9}},"type":"if","locations":[{"start":{"line":221,"column":8},"end":{"line":223,"column":9}},{"start":{},"end":{}}],"line":221}},"s":{"0":1,"1":1,"2":1,"3":1,"4":1,"5":2,"6":2,"7":2,"8":0,"9":2,"10":2,"11":1,"12":1,"13":1,"14":1,"15":1,"16":0,"17":1,"18":3,"19":3,"20":3,"21":3,"22":1,"23":2,"24":2,"25":1,"26":1,"27":1,"28":1,"29":1,"30":0,"31":1,"32":2,"33":2,"34":2,"35":2,"36":1,"37":1,"38":0,"39":0,"40":0,"41":1,"42":1,"43":3,"44":3,"45":2,"46":1,"47":1,"48":0,"49":0,"50":0,"51":0,"52":0,"53":0,"54":0,"55":1,"56":4,"57":4,"58":4,"59":4,"60":1,"61":3,"62":2,"63":1,"64":1,"65":1,"66":1,"67":5,"68":5,"69":1,"70":4,"71":4,"72":3,"73":2,"74":1,"75":1,"76":2,"77":1,"78":1,"79":1,"80":4,"81":4,"82":1,"83":3,"84":3,"85":2,"86":1,"87":1,"88":1,"89":1,"90":3,"91":3,"92":3,"93":3,"94":3,"95":0,"96":3,"97":1,"98":3,"99":1,"100":2,"101":2,"102":1,"103":1,"104":1,"105":0,"106":1,"107":1},"f":{"0":2,"1":3,"2":2,"3":3,"4":0,"5":4,"6":5,"7":4,"8":3,"9":1},"b":{"0":[0,2],"1":[2,2],"2":[1,1],"3":[1,2],"4":[1,1],"5":[1,1],"6":[0,0],"7":[1,3],"8":[1,1],"9":[1,4],"10":[1,1],"11":[1,1],"12":[1,3],"13":[1,1],"14":[0,3],"15":[1,2],"16":[0,1]},"_coverageSchema":"1a1c01bbd47fc00a2c39e90264f33305004495a9","hash":"43f27dde566993442a9e2cc0122957401d484f48"}
,"/home/inno/Assignment/training-management-system/server/middleware/auth.js": {"path":"/home/inno/Assignment/training-management-system/server/middleware/auth.js","statementMap":{"0":{"start":{"line":3,"column":12},"end":{"line":3,"column":35}},"1":{"start":{"line":5,"column":13},"end":{"line":27,"column":1}},"2":{"start":{"line":6,"column":4},"end":{"line":24,"column":9}},"3":{"start":{"line":7,"column":22},"end":{"line":7,"column":39}},"4":{"start":{"line":8,"column":8},"end":{"line":10,"column":9}},"5":{"start":{"line":9,"column":12},"end":{"line":9,"column":95}},"6":{"start":{"line":12,"column":25},"end":{"line":12,"column":66}},"7":{"start":{"line":13,"column":8},"end":{"line":15,"column":9}},"8":{"start":{"line":14,"column":12},"end":{"line":14,"column":97}},"9":{"start":{"line":17,"column":8},"end":{"line":17,"column":28}},"10":{"start":{"line":18,"column":8},"end":{"line":18,"column":15}},"11":{"start":{"line":20,"column":8},"end":{"line":22,"column":11}},"12":{"start":{"line":21,"column":12},"end":{"line":21,"column":70}},"13":{"start":{"line":23,"column":10},"end":{"line":23,"column":55}},"14":{"start":{"line":29,"column":16},"end":{"line":36,"column":1}},"15":{"start":{"line":30,"column":4},"end":{"line":35,"column":9}},"16":{"start":{"line":31,"column":8},"end":{"line":33,"column":9}},"17":{"start":{"line":32,"column":10},"end":{"line":32,"column":82}},"18":{"start":{"line":34,"column":8},"end":{"line":34,"column":15}},"19":{"start":{"line":40,"column":0},"end":{"line":40,"column":34}}},"fnMap":{"0":{"name":"(anonymous_0)","decl":{"start":{"line":5,"column":13},"end":{"line":5,"column":14}},"loc":{"start":{"line":5,"column":33},"end":{"line":27,"column":1}},"line":5},"1":{"name":"(anonymous_1)","decl":{"start":{"line":29,"column":16},"end":{"line":29,"column":17}},"loc":{"start":{"line":29,"column":32},"end":{"line":36,"column":1}},"line":29},"2":{"name":"(anonymous_2)","decl":{"start":{"line":30,"column":19},"end":{"line":30,"column":20}},"loc":{"start":{"line":30,"column":25},"end":{"line":35,"column":7}},"line":30}},"branchMap":{"0":{"loc":{"start":{"line":8,"column":8},"end":{"line":10,"column":9}},"type":"if","locations":[{"start":{"line":8,"column":8},"end":{"line":10,"column":9}},{"start":{},"end":{}}],"line":8},"1":{"loc":{"start":{"line":13,"column":8},"end":{"line":15,"column":9}},"type":"if","locations":[{"start":{"line":13,"column":8},"end":{"line":15,"column":9}},{"start":{},"end":{}}],"line":13},"2":{"loc":{"start":{"line":20,"column":8},"end":{"line":22,"column":11}},"type":"if","locations":[{"start":{"line":20,"column":8},"end":{"line":22,"column":11}},{"start":{},"end":{}}],"line":20},"3":{"loc":{"start":{"line":31,"column":8},"end":{"line":33,"column":9}},"type":"if","locations":[{"start":{"line":31,"column":8},"end":{"line":33,"column":9}},{"start":{},"end":{}}],"line":31}},"s":{"0":1,"1":1,"2":34,"3":34,"4":34,"5":2,"6":32,"7":31,"8":0,"9":31,"10":31,"11":1,"12":1,"13":0,"14":1,"15":26,"16":25,"17":7,"18":18,"19":1},"f":{"0":34,"1":26,"2":25},"b":{"0":[2,32],"1":[0,31],"2":[1,0],"3":[7,18]},"_coverageSchema":"1a1c01bbd47fc00a2c39e90264f33305004495a9","hash":"8860ec6e8fc6164c9b5c6d4a37c6584bda302799"}
,"/home/inno/Assignment/training-management-system/server/model/categoryModel.js": {"path":"/home/inno/Assignment/training-management-system/server/model/categoryModel.js","statementMap":{"0":{"start":{"line":1,"column":17},"end":{"line":1,"column":36}},"1":{"start":{"line":4,"column":23},"end":{"line":9,"column":23}},"2":{"start":{"line":10,"column":15},"end":{"line":10,"column":56}},"3":{"start":{"line":12,"column":0},"end":{"line":12,"column":23}}},"fnMap":{},"branchMap":{},"s":{"0":1,"1":1,"2":1,"3":1},"f":{},"b":{},"_coverageSchema":"1a1c01bbd47fc00a2c39e90264f33305004495a9","hash":"3c187464957901f051604b0659c0554d09371641"}
,"/home/inno/Assignment/training-management-system/server/model/courseModel.js": {"path":"/home/inno/Assignment/training-management-system/server/model/courseModel.js","statementMap":{"0":{"start":{"line":3,"column":16},"end":{"line":3,"column":35}},"1":{"start":{"line":5,"column":19},"end":{"line":42,"column":23}},"2":{"start":{"line":44,"column":15},"end":{"line":44,"column":53}},"3":{"start":{"line":46,"column":0},"end":{"line":46,"column":24}}},"fnMap":{},"branchMap":{},"s":{"0":1,"1":1,"2":1,"3":1},"f":{},"b":{},"_coverageSchema":"1a1c01bbd47fc00a2c39e90264f33305004495a9","hash":"37f8496426a208a27bbeabf88f952977a4e51533"}
,"/home/inno/Assignment/training-management-system/server/model/courseModuleModel.js": {"path":"/home/inno/Assignment/training-management-system/server/model/courseModuleModel.js","statementMap":{"0":{"start":{"line":1,"column":17},"end":{"line":1,"column":36}},"1":{"start":{"line":4,"column":27},"end":{"line":37,"column":23}},"2":{"start":{"line":39,"column":21},"end":{"line":39,"column":71}},"3":{"start":{"line":41,"column":0},"end":{"line":41,"column":30}}},"fnMap":{},"branchMap":{},"s":{"0":1,"1":1,"2":1,"3":1},"f":{},"b":{},"_coverageSchema":"1a1c01bbd47fc00a2c39e90264f33305004495a9","hash":"a7db05f1eebfa301e3862ba4681ecd653920d4c6"}
,"/home/inno/Assignment/training-management-system/server/model/userModel.js": {"path":"/home/inno/Assignment/training-management-system/server/model/userModel.js","statementMap":{"0":{"start":{"line":1,"column":17},"end":{"line":1,"column":36}},"1":{"start":{"line":3,"column":21},"end":{"line":3,"column":48}},"2":{"start":{"line":4,"column":19},"end":{"line":51,"column":23}},"3":{"start":{"line":53,"column":13},"end":{"line":53,"column":47}},"4":{"start":{"line":55,"column":0},"end":{"line":55,"column":22}}},"fnMap":{},"branchMap":{},"s":{"0":1,"1":1,"2":1,"3":1,"4":1},"f":{},"b":{},"_coverageSchema":"1a1c01bbd47fc00a2c39e90264f33305004495a9","hash":"393a53a4e23cc15dc6b9baf9b41dd49874c864e9"}
,"/home/inno/Assignment/training-management-system/server/routes/categoryRoute.js": {"path":"/home/inno/Assignment/training-management-system/server/routes/categoryRoute.js","statementMap":{"0":{"start":{"line":3,"column":14},"end":{"line":3,"column":32}},"1":{"start":{"line":4,"column":53},"end":{"line":4,"column":96}},"2":{"start":{"line":5,"column":22},"end":{"line":5,"column":51}},"3":{"start":{"line":7,"column":13},"end":{"line":7,"column":29}},"4":{"start":{"line":9,"column":0},"end":{"line":9,"column":38}},"5":{"start":{"line":10,"column":0},"end":{"line":10,"column":46}},"6":{"start":{"line":11,"column":0},"end":{"line":11,"column":27}},"7":{"start":{"line":13,"column":0},"end":{"line":13,"column":21}}},"fnMap":{},"branchMap":{},"s":{"0":1,"1":1,"2":1,"3":1,"4":1,"5":1,"6":1,"7":1},"f":{},"b":{},"_coverageSchema":"1a1c01bbd47fc00a2c39e90264f33305004495a9","hash":"3ff23e54941b1527afbe97f2911f80064e260ab1"}
,"/home/inno/Assignment/training-management-system/server/routes/courseModuleRoute.js": {"path":"/home/inno/Assignment/training-management-system/server/routes/courseModuleRoute.js","statementMap":{"0":{"start":{"line":3,"column":14},"end":{"line":3,"column":32}},"1":{"start":{"line":4,"column":22},"end":{"line":4,"column":51}},"2":{"start":{"line":5,"column":53},"end":{"line":5,"column":94}},"3":{"start":{"line":7,"column":13},"end":{"line":7,"column":29}},"4":{"start":{"line":9,"column":0},"end":{"line":9,"column":45}},"5":{"start":{"line":10,"column":0},"end":{"line":10,"column":50}},"6":{"start":{"line":11,"column":0},"end":{"line":11,"column":25}},"7":{"start":{"line":14,"column":0},"end":{"line":14,"column":21}}},"fnMap":{},"branchMap":{},"s":{"0":1,"1":1,"2":1,"3":1,"4":1,"5":1,"6":1,"7":1},"f":{},"b":{},"_coverageSchema":"1a1c01bbd47fc00a2c39e90264f33305004495a9","hash":"c34299de9361e12f4020f7007c3fb96333793121"}
,"/home/inno/Assignment/training-management-system/server/routes/coursesRoute.js": {"path":"/home/inno/Assignment/training-management-system/server/routes/coursesRoute.js","statementMap":{"0":{"start":{"line":3,"column":14},"end":{"line":3,"column":32}},"1":{"start":{"line":4,"column":28},"end":{"line":4,"column":57}},"2":{"start":{"line":5,"column":68},"end":{"line":5,"column":109}},"3":{"start":{"line":6,"column":15},"end":{"line":6,"column":32}},"4":{"start":{"line":8,"column":13},"end":{"line":8,"column":29}},"5":{"start":{"line":9,"column":15},"end":{"line":9,"column":43}},"6":{"start":{"line":12,"column":0},"end":{"line":12,"column":69}},"7":{"start":{"line":13,"column":0},"end":{"line":13,"column":25}},"8":{"start":{"line":14,"column":0},"end":{"line":14,"column":43}},"9":{"start":{"line":15,"column":0},"end":{"line":15,"column":44}},"10":{"start":{"line":17,"column":0},"end":{"line":17,"column":21}}},"fnMap":{},"branchMap":{},"s":{"0":1,"1":1,"2":1,"3":1,"4":1,"5":1,"6":1,"7":1,"8":1,"9":1,"10":1},"f":{},"b":{},"_coverageSchema":"1a1c01bbd47fc00a2c39e90264f33305004495a9","hash":"2b8f61c780ea5ee29d357d68ea906b351f652560"}
,"/home/inno/Assignment/training-management-system/server/routes/userRoute.js": {"path":"/home/inno/Assignment/training-management-system/server/routes/userRoute.js","statementMap":{"0":{"start":{"line":1,"column":16},"end":{"line":1,"column":34}},"1":{"start":{"line":2,"column":15},"end":{"line":2,"column":34}},"2":{"start":{"line":3,"column":12},"end":{"line":3,"column":35}},"3":{"start":{"line":4,"column":13},"end":{"line":4,"column":42}},"4":{"start":{"line":5,"column":147},"end":{"line":5,"column":186}},"5":{"start":{"line":6,"column":28},"end":{"line":6,"column":57}},"6":{"start":{"line":8,"column":15},"end":{"line":8,"column":31}},"7":{"start":{"line":9,"column":0},"end":{"line":9,"column":27}},"8":{"start":{"line":12,"column":19},"end":{"line":12,"column":66}},"9":{"start":{"line":16,"column":0},"end":{"line":16,"column":35}},"10":{"start":{"line":17,"column":0},"end":{"line":17,"column":31}},"11":{"start":{"line":18,"column":0},"end":{"line":18,"column":45}},"12":{"start":{"line":19,"column":0},"end":{"line":19,"column":26}},"13":{"start":{"line":20,"column":0},"end":{"line":20,"column":32}},"14":{"start":{"line":21,"column":0},"end":{"line":21,"column":54}},"15":{"start":{"line":22,"column":0},"end":{"line":22,"column":40}},"16":{"start":{"line":23,"column":0},"end":{"line":23,"column":44}},"17":{"start":{"line":24,"column":0},"end":{"line":24,"column":49}},"18":{"start":{"line":28,"column":0},"end":{"line":28,"column":24}}},"fnMap":{},"branchMap":{"0":{"loc":{"start":{"line":12,"column":19},"end":{"line":12,"column":66}},"type":"binary-expr","locations":[{"start":{"line":12,"column":19},"end":{"line":12,"column":41}},{"start":{"line":12,"column":45},"end":{"line":12,"column":66}}],"line":12}},"s":{"0":1,"1":1,"2":1,"3":1,"4":1,"5":1,"6":1,"7":1,"8":1,"9":1,"10":1,"11":1,"12":1,"13":1,"14":1,"15":1,"16":1,"17":1,"18":1},"f":{},"b":{"0":[1,0]},"_coverageSchema":"1a1c01bbd47fc00a2c39e90264f33305004495a9","hash":"39d5ad95c0e5050457682a95cc89af28bc905169"}
}
