TN:
SF:app.js
FN:19,(anonymous_0)
FNF:1
FNH:1
FNDA:60,(anonymous_0)
DA:5,1
DA:6,1
DA:7,1
DA:8,1
DA:9,1
DA:10,1
DA:11,1
DA:15,1
DA:18,1
DA:20,60
DA:25,1
DA:26,1
DA:29,1
DA:30,1
DA:31,1
DA:32,1
DA:35,1
LF:17
LH:17
BRF:0
BRH:0
end_of_record
TN:
SF:controller/categoryController.js
FN:4,(anonymous_0)
FN:13,(anonymous_1)
FN:32,(anonymous_2)
FNF:3
FNH:3
FNDA:2,(anonymous_0)
FNDA:2,(anonymous_1)
FNDA:3,(anonymous_2)
DA:1,1
DA:4,1
DA:5,2
DA:6,2
DA:7,1
DA:9,1
DA:13,1
DA:14,2
DA:15,2
DA:17,2
DA:18,2
DA:19,0
DA:22,2
DA:23,2
DA:25,1
DA:28,1
DA:32,1
DA:33,3
DA:35,3
DA:36,3
DA:37,2
DA:38,1
DA:40,1
DA:42,1
DA:46,1
LF:25
LH:24
BRDA:18,0,0,0
BRDA:18,0,1,2
BRDA:37,1,0,1
BRDA:37,1,1,1
BRF:4
BRH:3
end_of_record
TN:
SF:controller/courseController.js
FN:13,(anonymous_0)
FN:54,(anonymous_1)
FN:69,(anonymous_2)
FN:108,(anonymous_3)
FNF:4
FNH:4
FNDA:2,(anonymous_0)
FNDA:3,(anonymous_1)
FNDA:1,(anonymous_2)
FNDA:3,(anonymous_3)
DA:1,1
DA:2,1
DA:3,1
DA:4,1
DA:7,1
DA:13,1
DA:14,2
DA:15,2
DA:16,2
DA:18,2
DA:19,0
DA:20,0
DA:22,0
DA:26,2
DA:27,0
DA:30,2
DA:32,2
DA:33,0
DA:34,0
DA:39,2
DA:43,1
DA:50,1
DA:54,1
DA:55,3
DA:56,3
DA:57,3
DA:59,2
DA:60,1
DA:63,1
DA:65,1
DA:69,1
DA:70,1
DA:71,1
DA:75,1
DA:76,0
DA:78,1
DA:80,1
DA:81,1
DA:84,1
DA:87,1
DA:99,1
DA:100,0
DA:104,1
DA:108,1
DA:109,3
DA:111,3
DA:113,3
DA:114,2
DA:115,1
DA:117,1
DA:121,0
DA:123,2
DA:127,1
LF:53
LH:44
BRDA:18,0,0,0
BRDA:18,0,1,2
BRDA:19,1,0,0
BRDA:19,1,1,0
BRDA:26,2,0,0
BRDA:26,2,1,2
BRDA:32,3,0,0
BRDA:32,3,1,2
BRDA:32,4,0,2
BRDA:32,4,1,0
BRDA:45,5,0,0
BRDA:45,5,1,1
BRDA:45,6,0,1
BRDA:45,6,1,0
BRDA:47,7,0,0
BRDA:47,7,1,1
BRDA:59,8,0,1
BRDA:59,8,1,1
BRDA:75,9,0,0
BRDA:75,9,1,1
BRDA:75,10,0,1
BRDA:75,10,1,1
BRDA:80,11,0,1
BRDA:80,11,1,0
BRDA:114,12,0,1
BRDA:114,12,1,1
BRF:26
BRH:15
end_of_record
TN:
SF:controller/moduleController.js
FN:5,(anonymous_0)
FN:43,(anonymous_1)
FN:309,(anonymous_2)
FNF:3
FNH:3
FNDA:2,(anonymous_0)
FNDA:3,(anonymous_1)
FNDA:3,(anonymous_2)
DA:2,1
DA:5,1
DA:6,2
DA:7,2
DA:8,2
DA:10,2
DA:11,0
DA:14,2
DA:16,2
DA:17,2
DA:20,2
DA:21,0
DA:24,2
DA:25,2
DA:31,1
DA:38,1
DA:43,1
DA:44,3
DA:45,3
DA:47,3
DA:48,3
DA:49,1
DA:297,2
DA:298,2
DA:301,1
DA:304,1
DA:309,1
DA:310,3
DA:312,3
DA:313,3
DA:314,2
DA:315,1
DA:317,1
DA:319,1
DA:324,1
LF:35
LH:33
BRDA:10,0,0,0
BRDA:10,0,1,2
BRDA:20,1,0,0
BRDA:20,1,1,2
BRDA:20,2,0,2
BRDA:20,2,1,0
BRDA:48,3,0,1
BRDA:48,3,1,2
BRDA:314,4,0,1
BRDA:314,4,1,1
BRF:10
BRH:7
end_of_record
TN:
SF:controller/userController.js
FN:7,(anonymous_0)
FN:37,(anonymous_1)
FN:61,(anonymous_2)
FN:86,(anonymous_3)
FN:96,(anonymous_4)
FN:112,(anonymous_5)
FN:149,(anonymous_6)
FN:162,(anonymous_7)
FN:181,(anonymous_8)
FN:200,(anonymous_9)
FN:217,(anonymous_10)
FN:229,(anonymous_11)
FN:252,(anonymous_12)
FNF:13
FNH:9
FNDA:2,(anonymous_0)
FNDA:3,(anonymous_1)
FNDA:2,(anonymous_2)
FNDA:3,(anonymous_3)
FNDA:0,(anonymous_4)
FNDA:4,(anonymous_5)
FNDA:5,(anonymous_6)
FNDA:0,(anonymous_7)
FNDA:4,(anonymous_8)
FNDA:0,(anonymous_9)
FNDA:3,(anonymous_10)
FNDA:1,(anonymous_11)
FNDA:0,(anonymous_12)
DA:1,1
DA:2,1
DA:3,1
DA:4,1
DA:7,1
DA:8,2
DA:9,2
DA:10,2
DA:11,0
DA:14,2
DA:15,2
DA:16,1
DA:19,1
DA:21,1
DA:28,1
DA:29,1
DA:32,0
DA:37,1
DA:38,3
DA:39,3
DA:41,3
DA:42,3
DA:43,1
DA:46,2
DA:47,2
DA:48,1
DA:51,1
DA:53,1
DA:54,1
DA:55,1
DA:58,0
DA:61,1
DA:62,2
DA:63,2
DA:64,2
DA:65,2
DA:66,1
DA:68,1
DA:69,1
DA:78,1
DA:79,1
DA:81,0
DA:86,1
DA:87,3
DA:88,3
DA:89,2
DA:91,1
DA:96,1
DA:97,0
DA:98,0
DA:100,0
DA:101,0
DA:102,0
DA:104,0
DA:107,0
DA:112,1
DA:114,4
DA:115,4
DA:116,4
DA:117,4
DA:118,4
DA:119,4
DA:121,4
DA:122,1
DA:125,3
DA:126,3
DA:133,2
DA:134,1
DA:137,1
DA:145,1
DA:149,1
DA:150,5
DA:151,5
DA:152,1
DA:154,4
DA:155,4
DA:158,3
DA:159,2
DA:160,1
DA:162,1
DA:165,1
DA:170,1
DA:173,2
DA:174,1
DA:176,1
DA:181,1
DA:182,4
DA:184,4
DA:185,1
DA:188,3
DA:189,3
DA:190,2
DA:191,1
DA:195,1
DA:197,1
DA:200,1
DA:201,0
DA:203,0
DA:204,0
DA:206,0
DA:207,0
DA:209,0
DA:212,0
DA:217,1
DA:218,3
DA:219,3
DA:221,3
DA:223,3
DA:224,3
DA:225,0
DA:229,3
DA:231,3
DA:232,1
DA:235,2
DA:236,2
DA:237,1
DA:242,1
DA:245,1
DA:246,0
DA:248,1
DA:252,1
DA:253,0
DA:254,0
DA:256,0
DA:257,0
DA:258,0
DA:262,0
DA:264,0
DA:266,0
DA:272,1
LF:130
LH:102
BRDA:10,0,0,0
BRDA:10,0,1,2
BRDA:10,1,0,2
BRDA:10,1,1,2
BRDA:15,2,0,1
BRDA:15,2,1,1
BRDA:42,3,0,1
BRDA:42,3,1,2
BRDA:47,4,0,1
BRDA:47,4,1,1
BRDA:65,5,0,1
BRDA:65,5,1,1
BRDA:101,6,0,0
BRDA:101,6,1,0
BRDA:116,7,0,4
BRDA:116,7,1,1
BRDA:117,8,0,1
BRDA:117,8,1,3
BRDA:118,9,0,1
BRDA:118,9,1,3
BRDA:119,10,0,1
BRDA:119,10,1,3
BRDA:121,11,0,1
BRDA:121,11,1,3
BRDA:133,12,0,1
BRDA:133,12,1,1
BRDA:151,13,0,1
BRDA:151,13,1,4
BRDA:159,14,0,1
BRDA:159,14,1,1
BRDA:173,15,0,1
BRDA:173,15,1,1
BRDA:184,16,0,1
BRDA:184,16,1,3
BRDA:190,17,0,1
BRDA:190,17,1,1
BRDA:203,18,0,0
BRDA:203,18,1,0
BRDA:224,19,0,0
BRDA:224,19,1,3
BRDA:231,20,0,1
BRDA:231,20,1,2
BRDA:245,21,0,0
BRDA:245,21,1,1
BRDA:257,22,0,0
BRDA:257,22,1,0
BRF:46
BRH:37
end_of_record
TN:
SF:middleware/auth.js
FN:5,(anonymous_0)
FN:29,(anonymous_1)
FN:30,(anonymous_2)
FNF:3
FNH:3
FNDA:33,(anonymous_0)
FNDA:25,(anonymous_1)
FNDA:24,(anonymous_2)
DA:3,1
DA:5,1
DA:6,33
DA:7,33
DA:8,33
DA:9,2
DA:12,31
DA:13,30
DA:14,0
DA:17,30
DA:18,30
DA:20,1
DA:21,1
DA:23,0
DA:29,1
DA:30,25
DA:31,24
DA:32,7
DA:34,17
DA:40,1
LF:20
LH:18
BRDA:8,0,0,2
BRDA:8,0,1,31
BRDA:13,1,0,0
BRDA:13,1,1,30
BRDA:20,2,0,1
BRDA:20,2,1,0
BRDA:31,3,0,7
BRDA:31,3,1,17
BRF:8
BRH:6
end_of_record
TN:
SF:model/categoryModel.js
FNF:0
FNH:0
DA:1,1
DA:4,1
DA:10,1
DA:12,1
LF:4
LH:4
BRF:0
BRH:0
end_of_record
TN:
SF:model/courseModel.js
FNF:0
FNH:0
DA:3,1
DA:4,1
DA:47,1
DA:49,1
LF:4
LH:4
BRF:0
BRH:0
end_of_record
TN:
SF:model/courseModuleModel.js
FNF:0
FNH:0
DA:1,1
DA:4,1
DA:39,1
DA:41,1
LF:4
LH:4
BRF:0
BRH:0
end_of_record
TN:
SF:model/userModel.js
FNF:0
FNH:0
DA:1,1
DA:3,1
DA:4,1
DA:53,1
DA:55,1
LF:5
LH:5
BRF:0
BRH:0
end_of_record
TN:
SF:routes/categoryRoute.js
FNF:0
FNH:0
DA:3,1
DA:4,1
DA:5,1
DA:7,1
DA:9,1
DA:10,1
DA:11,1
DA:13,1
LF:8
LH:8
BRF:0
BRH:0
end_of_record
TN:
SF:routes/courseModuleRoute.js
FNF:0
FNH:0
DA:3,1
DA:4,1
DA:5,1
DA:7,1
DA:9,1
DA:10,1
DA:11,1
DA:14,1
LF:8
LH:8
BRF:0
BRH:0
end_of_record
TN:
SF:routes/coursesRoute.js
FNF:0
FNH:0
DA:3,1
DA:4,1
DA:5,1
DA:6,1
DA:8,1
DA:9,1
DA:12,1
DA:13,1
DA:14,1
DA:15,1
DA:17,1
LF:11
LH:11
BRF:0
BRH:0
end_of_record
TN:
SF:routes/userRoute.js
FNF:0
FNH:0
DA:1,1
DA:2,1
DA:3,1
DA:4,1
DA:5,1
DA:6,1
DA:8,1
DA:9,1
DA:12,1
DA:16,1
DA:17,1
DA:18,1
DA:19,1
DA:20,1
DA:21,1
DA:22,1
DA:23,1
DA:24,1
DA:25,1
DA:26,1
DA:30,1
LF:21
LH:21
BRDA:12,0,0,1
BRDA:12,0,1,0
BRF:2
BRH:1
end_of_record
