TN:
SF:app.js
FN:19,(anonymous_0)
FNF:1
FNH:1
FNDA:61,(anonymous_0)
DA:5,1
DA:6,1
DA:7,1
DA:8,1
DA:9,1
DA:10,1
DA:11,1
DA:15,1
DA:18,1
DA:21,61
DA:25,1
DA:26,1
DA:29,1
DA:30,1
DA:31,1
DA:32,1
DA:35,1
LF:17
LH:17
BRF:0
BRH:0
end_of_record
TN:
SF:controller/categoryController.js
FN:4,(anonymous_0)
FN:13,(anonymous_1)
FN:32,(anonymous_2)
FNF:3
FNH:3
FNDA:2,(anonymous_0)
FNDA:2,(anonymous_1)
FNDA:3,(anonymous_2)
DA:1,1
DA:4,1
DA:5,2
DA:6,2
DA:7,1
DA:9,1
DA:13,1
DA:14,2
DA:15,2
DA:17,2
DA:18,2
DA:19,0
DA:22,2
DA:23,2
DA:25,1
DA:27,1
DA:28,1
DA:32,1
DA:33,3
DA:35,3
DA:36,3
DA:37,2
DA:38,1
DA:40,1
DA:42,1
DA:46,1
LF:26
LH:25
BRDA:18,0,0,0
BRDA:18,0,1,2
BRDA:37,1,0,1
BRDA:37,1,1,1
BRF:4
BRH:3
end_of_record
TN:
SF:controller/courseController.js
FN:15,(anonymous_0)
FN:39,(anonymous_1)
FN:54,(anonymous_2)
FN:89,(anonymous_3)
FNF:4
FNH:4
FNDA:2,(anonymous_0)
FNDA:3,(anonymous_1)
FNDA:2,(anonymous_2)
FNDA:3,(anonymous_3)
DA:1,1
DA:2,1
DA:3,1
DA:6,1
DA:15,1
DA:16,2
DA:19,2
DA:21,2
DA:23,2
DA:24,0
DA:27,2
DA:28,0
DA:32,2
DA:33,1
DA:35,1
DA:39,1
DA:40,3
DA:41,3
DA:42,3
DA:44,2
DA:45,1
DA:48,1
DA:50,1
DA:54,1
DA:55,2
DA:56,2
DA:57,2
DA:59,2
DA:60,0
DA:62,2
DA:63,2
DA:64,2
DA:67,2
DA:69,2
DA:80,2
DA:82,1
DA:84,1
DA:85,1
DA:89,1
DA:90,3
DA:92,3
DA:93,3
DA:94,2
DA:95,1
DA:97,1
DA:99,1
DA:103,1
LF:47
LH:44
BRDA:23,0,0,0
BRDA:23,0,1,2
BRDA:27,1,0,0
BRDA:27,1,1,2
BRDA:44,2,0,1
BRDA:44,2,1,1
BRDA:59,3,0,0
BRDA:59,3,1,2
BRDA:59,4,0,2
BRDA:59,4,1,2
BRDA:63,5,0,2
BRDA:63,5,1,0
BRDA:94,6,0,1
BRDA:94,6,1,1
BRF:14
BRH:10
end_of_record
TN:
SF:controller/moduleController.js
FN:4,(anonymous_0)
FN:13,(anonymous_1)
FN:32,(anonymous_2)
FNF:3
FNH:3
FNDA:2,(anonymous_0)
FNDA:3,(anonymous_1)
FNDA:3,(anonymous_2)
DA:2,1
DA:4,1
DA:5,2
DA:6,2
DA:7,1
DA:9,1
DA:13,1
DA:14,3
DA:15,3
DA:17,3
DA:18,3
DA:19,1
DA:21,2
DA:22,2
DA:24,1
DA:26,1
DA:27,1
DA:32,1
DA:33,3
DA:35,3
DA:36,3
DA:37,2
DA:38,1
DA:40,1
DA:42,1
DA:47,1
LF:26
LH:26
BRDA:18,0,0,1
BRDA:18,0,1,2
BRDA:37,1,0,1
BRDA:37,1,1,1
BRF:4
BRH:4
end_of_record
TN:
SF:controller/userController.js
FN:7,(anonymous_0)
FN:37,(anonymous_1)
FN:61,(anonymous_2)
FN:95,(anonymous_3)
FN:105,(anonymous_4)
FN:121,(anonymous_5)
FN:144,(anonymous_6)
FN:167,(anonymous_7)
FN:189,(anonymous_8)
FN:201,(anonymous_9)
FNF:10
FNH:9
FNDA:2,(anonymous_0)
FNDA:3,(anonymous_1)
FNDA:2,(anonymous_2)
FNDA:3,(anonymous_3)
FNDA:0,(anonymous_4)
FNDA:4,(anonymous_5)
FNDA:5,(anonymous_6)
FNDA:4,(anonymous_7)
FNDA:3,(anonymous_8)
FNDA:1,(anonymous_9)
DA:1,1
DA:2,1
DA:3,1
DA:4,1
DA:7,1
DA:8,2
DA:9,2
DA:10,2
DA:11,0
DA:14,2
DA:15,2
DA:16,1
DA:19,1
DA:21,1
DA:28,1
DA:29,1
DA:31,0
DA:32,0
DA:37,1
DA:38,3
DA:39,3
DA:41,3
DA:42,3
DA:43,1
DA:46,2
DA:47,2
DA:48,1
DA:51,1
DA:53,1
DA:54,1
DA:55,1
DA:57,0
DA:58,0
DA:61,1
DA:62,2
DA:63,2
DA:66,2
DA:67,2
DA:68,1
DA:72,1
DA:75,1
DA:86,1
DA:87,1
DA:89,0
DA:90,0
DA:95,1
DA:96,3
DA:97,3
DA:98,2
DA:100,1
DA:105,1
DA:106,0
DA:107,0
DA:108,0
DA:109,0
DA:110,0
DA:111,0
DA:113,0
DA:115,0
DA:116,0
DA:121,1
DA:122,4
DA:123,4
DA:124,4
DA:125,4
DA:127,4
DA:128,1
DA:132,3
DA:134,2
DA:135,1
DA:138,1
DA:140,1
DA:144,1
DA:145,5
DA:146,5
DA:147,1
DA:149,4
DA:150,4
DA:151,3
DA:153,2
DA:154,1
DA:156,1
DA:159,2
DA:160,1
DA:162,1
DA:167,1
DA:168,4
DA:170,4
DA:171,1
DA:174,3
DA:175,3
DA:178,2
DA:179,1
DA:183,1
DA:185,1
DA:189,1
DA:190,3
DA:191,3
DA:193,3
DA:195,3
DA:196,3
DA:197,0
DA:199,3
DA:201,3
DA:202,3
DA:203,3
DA:204,1
DA:207,2
DA:208,2
DA:209,1
DA:214,1
DA:217,1
DA:218,0
DA:220,1
DA:225,1
LF:115
LH:97
BRDA:10,0,0,0
BRDA:10,0,1,2
BRDA:10,1,0,2
BRDA:10,1,1,2
BRDA:15,2,0,1
BRDA:15,2,1,1
BRDA:42,3,0,1
BRDA:42,3,1,2
BRDA:47,4,0,1
BRDA:47,4,1,1
BRDA:67,5,0,1
BRDA:67,5,1,1
BRDA:110,6,0,0
BRDA:110,6,1,0
BRDA:127,7,0,1
BRDA:127,7,1,3
BRDA:134,8,0,1
BRDA:134,8,1,1
BRDA:146,9,0,1
BRDA:146,9,1,4
BRDA:153,10,0,1
BRDA:153,10,1,1
BRDA:159,11,0,1
BRDA:159,11,1,1
BRDA:170,12,0,1
BRDA:170,12,1,3
BRDA:178,13,0,1
BRDA:178,13,1,1
BRDA:196,14,0,0
BRDA:196,14,1,3
BRDA:203,15,0,1
BRDA:203,15,1,2
BRDA:217,16,0,0
BRDA:217,16,1,1
BRF:34
BRH:29
end_of_record
TN:
SF:middleware/auth.js
FN:5,(anonymous_0)
FN:29,(anonymous_1)
FN:30,(anonymous_2)
FNF:3
FNH:3
FNDA:34,(anonymous_0)
FNDA:26,(anonymous_1)
FNDA:25,(anonymous_2)
DA:3,1
DA:5,1
DA:6,34
DA:7,34
DA:8,34
DA:9,2
DA:12,32
DA:13,31
DA:14,0
DA:17,31
DA:18,31
DA:20,1
DA:21,1
DA:23,0
DA:29,1
DA:30,26
DA:31,25
DA:32,7
DA:34,18
DA:40,1
LF:20
LH:18
BRDA:8,0,0,2
BRDA:8,0,1,32
BRDA:13,1,0,0
BRDA:13,1,1,31
BRDA:20,2,0,1
BRDA:20,2,1,0
BRDA:31,3,0,7
BRDA:31,3,1,18
BRF:8
BRH:6
end_of_record
TN:
SF:model/categoryModel.js
FNF:0
FNH:0
DA:1,1
DA:4,1
DA:10,1
DA:12,1
LF:4
LH:4
BRF:0
BRH:0
end_of_record
TN:
SF:model/courseModel.js
FNF:0
FNH:0
DA:3,1
DA:5,1
DA:44,1
DA:46,1
LF:4
LH:4
BRF:0
BRH:0
end_of_record
TN:
SF:model/courseModuleModel.js
FNF:0
FNH:0
DA:1,1
DA:4,1
DA:39,1
DA:41,1
LF:4
LH:4
BRF:0
BRH:0
end_of_record
TN:
SF:model/userModel.js
FNF:0
FNH:0
DA:1,1
DA:3,1
DA:4,1
DA:47,1
DA:49,1
LF:5
LH:5
BRF:0
BRH:0
end_of_record
TN:
SF:routes/categoryRoute.js
FNF:0
FNH:0
DA:3,1
DA:4,1
DA:5,1
DA:7,1
DA:9,1
DA:10,1
DA:11,1
DA:13,1
LF:8
LH:8
BRF:0
BRH:0
end_of_record
TN:
SF:routes/courseModuleRoute.js
FNF:0
FNH:0
DA:3,1
DA:4,1
DA:5,1
DA:7,1
DA:9,1
DA:10,1
DA:11,1
DA:14,1
LF:8
LH:8
BRF:0
BRH:0
end_of_record
TN:
SF:routes/coursesRoute.js
FNF:0
FNH:0
DA:3,1
DA:4,1
DA:5,1
DA:6,1
DA:8,1
DA:9,1
DA:12,1
DA:13,1
DA:14,1
DA:15,1
DA:17,1
LF:11
LH:11
BRF:0
BRH:0
end_of_record
TN:
SF:routes/userRoute.js
FNF:0
FNH:0
DA:1,1
DA:2,1
DA:3,1
DA:4,1
DA:5,1
DA:6,1
DA:8,1
DA:9,1
DA:12,1
DA:16,1
DA:17,1
DA:18,1
DA:19,1
DA:20,1
DA:21,1
DA:22,1
DA:23,1
DA:24,1
DA:28,1
LF:19
LH:19
BRDA:12,0,0,1
BRDA:12,0,1,0
BRF:2
BRH:1
end_of_record
